This is pdfTeX, Version 3.14159265-2.6-1.40.18 (TeX Live 2017/Debian) (preloaded format=latex 2019.10.4)  3 NOV 2019 19:01
entering extended mode
 %&-line parsing enabled.
**\let \APPmakepictures \empty \input  PretzelTangles-(10,-11)_BNr.tex
(./PretzelTangles-(10,-11)_BNr.tex (/usr/share/texlive/texmf-dist/tex/latex/bas
e/article.cls
Document Class: article 2014/09/29 v1.4h Standard LaTeX document class
(/usr/share/texlive/texmf-dist/tex/latex/base/size10.clo
File: size10.clo 2014/09/29 v1.4h Standard LaTeX file (size option)
)
\c@part=\count79
\c@section=\count80
\c@subsection=\count81
\c@subsubsection=\count82
\c@paragraph=\count83
\c@subparagraph=\count84
\c@figure=\count85
\c@table=\count86
\abovecaptionskip=\skip41
\belowcaptionskip=\skip42
\bibindent=\dimen102
) (/usr/share/texlive/texmf-dist/tex/latex/auto-pst-pdf/auto-pst-pdf.sty
Package: auto-pst-pdf 2009/04/26 v0.6 Wrapper for pst-pdf
(/usr/share/texlive/texmf-dist/tex/generic/oberdiek/ifpdf.sty
Package: ifpdf 2017/03/15 v3.2 Provides the ifpdf switch
) (/usr/share/texlive/texmf-dist/tex/latex/xkeyval/xkeyval.sty
Package: xkeyval 2014/12/03 v2.7a package option processing (HA)
(/usr/share/texlive/texmf-dist/tex/generic/xkeyval/xkeyval.tex (/usr/share/texl
ive/texmf-dist/tex/generic/xkeyval/xkvutils.tex
\XKV@toks=\toks14
\XKV@tempa@toks=\toks15
(/usr/share/texlive/texmf-dist/tex/generic/xkeyval/keyval.tex))
\XKV@depth=\count87
File: xkeyval.tex 2014/12/03 v2.7a key=value parser (HA)
)) (/usr/share/texlive/texmf-dist/tex/latex/ifplatform/ifplatform.sty
Package: ifplatform 2017/10/13 v0.4a Testing for the operating system
(/usr/share/texlive/texmf-dist/tex/latex/tools/shellesc.sty
Package: shellesc 2016/06/07 v0.02a unified shell escape interface for LaTeX

Package shellesc Warning: Shell escape disabled on input line 65.

) (/usr/share/texlive/texmf-dist/tex/generic/oberdiek/pdftexcmds.sty
Package: pdftexcmds 2018/01/21 v0.26 Utility functions of pdfTeX for LuaTeX (HO
)
(/usr/share/texlive/texmf-dist/tex/generic/oberdiek/infwarerr.sty
Package: infwarerr 2016/05/16 v1.4 Providing info/warning/error messages (HO)
) (/usr/share/texlive/texmf-dist/tex/generic/oberdiek/ifluatex.sty
Package: ifluatex 2016/05/16 v1.4 Provides the ifluatex switch (HO)
Package ifluatex Info: LuaTeX not detected.
) (/usr/share/texlive/texmf-dist/tex/generic/oberdiek/ltxcmds.sty
Package: ltxcmds 2016/05/16 v1.23 LaTeX kernel commands for general use (HO)
)
Package pdftexcmds Info: LuaTeX not detected.
Package pdftexcmds Info: \pdf@primitive is available.
Package pdftexcmds Info: \pdf@ifprimitive is available.
Package pdftexcmds Info: \pdfdraftmode is ignored in DVI mode.
) (/usr/share/texlive/texmf-dist/tex/generic/oberdiek/catchfile.sty
Package: catchfile 2016/05/16 v1.7 Catch the contents of a file (HO)
(/usr/share/texlive/texmf-dist/tex/generic/oberdiek/etexcmds.sty
Package: etexcmds 2016/05/16 v1.6 Avoid name clashes with e-TeX commands (HO)
Package etexcmds Info: Could not find \expanded.
(etexcmds)             That can mean that you are not using pdfTeX 1.50 or
(etexcmds)             that some package has redefined \expanded.
(etexcmds)             In the latter case, load this package earlier.
))

Package ifplatform Warning: 
    shell escape is disabled, so I can only detect \ifwindows.

)
\c@app@runs=\count88
(/usr/share/texlive/texmf-dist/tex/latex/pst-pdf/pst-pdf.sty
Package: pst-pdf 2017/06/22 v1.2d PS graphics for pdfLaTeX (RN,HjG)
(/usr/share/texlive/texmf-dist/tex/generic/ifxetex/ifxetex.sty
Package: ifxetex 2010/09/12 v0.6 Provides ifxetex conditional
) (/usr/share/texlive/texmf-dist/tex/generic/oberdiek/ifvtex.sty
Package: ifvtex 2016/05/16 v1.6 Detect VTeX and its facilities (HO)
Package ifvtex Info: VTeX not detected.
)
\c@pspicture=\count89
(/usr/share/texlive/texmf-dist/tex/latex/graphics/graphicx.sty
Package: graphicx 2017/06/01 v1.1a Enhanced LaTeX Graphics (DPC,SPQR)
(/usr/share/texlive/texmf-dist/tex/latex/graphics/graphics.sty
Package: graphics 2017/06/25 v1.2c Standard LaTeX Graphics (DPC,SPQR)
(/usr/share/texlive/texmf-dist/tex/latex/graphics/trig.sty
Package: trig 2016/01/03 v1.10 sin cos tan (DPC)
) (/usr/share/texlive/texmf-dist/tex/latex/graphics-cfg/graphics.cfg
File: graphics.cfg 2016/06/04 v1.11 sample graphics configuration
)
Package graphics Info: Driver file: dvips.def on input line 99.
(/usr/share/texlive/texmf-dist/tex/latex/graphics-def/dvips.def
File: dvips.def 2017/06/20 v3.1d Graphics/color driver for dvips
))
\Gin@req@height=\dimen103
\Gin@req@width=\dimen104
)
Package pst-pdf Info: MODE: 0 (dvi -- extraction mode) on input line 102.
No auxiliary output files.

(/usr/share/texlive/texmf-dist/tex/latex/pstricks/pstricks.sty
Package: pstricks 2018/01/06 v0.67 LaTeX wrapper for `PSTricks' (RN,HV)
(/usr/share/texlive/texmf-dist/tex/generic/iftex/iftex.sty
Package: iftex 2013/04/04 v0.2 Provides if(tex) conditional for PDFTeX, XeTeX, 
and LuaTeX
) (/usr/share/texlive/texmf-dist/tex/latex/xcolor/xcolor.sty
Package: xcolor 2016/05/11 v2.12 LaTeX color extensions (UK)
(/usr/share/texlive/texmf-dist/tex/latex/graphics-cfg/color.cfg
File: color.cfg 2016/01/02 v1.6 sample color configuration
)
Package xcolor Info: Driver file: dvips.def on input line 225.
Package xcolor Info: Model `cmy' substituted by `cmy0' on input line 1348.
Package xcolor Info: Model `RGB' extended on input line 1364.
Package xcolor Info: Model `HTML' substituted by `rgb' on input line 1366.
Package xcolor Info: Model `Hsb' substituted by `hsb' on input line 1367.
Package xcolor Info: Model `tHsb' substituted by `hsb' on input line 1368.
Package xcolor Info: Model `HSB' substituted by `hsb' on input line 1369.
Package xcolor Info: Model `Gray' substituted by `gray' on input line 1370.
Package xcolor Info: Model `wave' substituted by `hsb' on input line 1371.
) (/usr/share/texlive/texmf-dist/tex/generic/xkeyval/pst-xkey.tex
File: pst-xkey.tex 2005/11/25 v1.6 PSTricks specialization of xkeyval (HA)
) (/usr/share/texlive/texmf-dist/tex/generic/pstricks/pstricks.tex (/usr/share/
texlive/texmf-dist/tex/generic/pstricks/pst-fp.tex `pst-fp' v0.05, 2010/01/17 (
hv)
\pstFP@xs=\count90
\pstFP@xia=\count91
\pstFP@xib=\count92
\pstFP@xfa=\count93
\pstFP@xfb=\count94
\pstFP@rega=\count95
\pstFP@regb=\count96
\pstFP@regs=\count97
\pstFP@times=\count98
) (/usr/share/texlive/texmf-dist/tex/generic/pgf/utilities/pgfutil-common.tex
\pgfutil@everybye=\toks16
\pgfutil@tempdima=\dimen105
\pgfutil@tempdimb=\dimen106

(/usr/share/texlive/texmf-dist/tex/generic/pgf/utilities/pgfutil-common-lists.t
ex)) (/usr/share/texlive/texmf-dist/tex/generic/pgf/utilities/pgfkeys.code.tex
\pgfkeys@pathtoks=\toks17
\pgfkeys@temptoks=\toks18

(/usr/share/texlive/texmf-dist/tex/generic/pgf/utilities/pgfkeysfiltered.code.t
ex
\pgfkeys@tmptoks=\toks19
)) (/usr/share/texlive/texmf-dist/tex/generic/pgf/utilities/pgffor.code.tex (/u
sr/share/texlive/texmf-dist/tex/generic/pgf/math/pgfmath.code.tex (/usr/share/t
exlive/texmf-dist/tex/generic/pgf/math/pgfmathcalc.code.tex (/usr/share/texlive
/texmf-dist/tex/generic/pgf/math/pgfmathutil.code.tex
\pgf@x=\dimen107
\pgf@xa=\dimen108
\pgf@xb=\dimen109
\pgf@xc=\dimen110
\pgf@y=\dimen111
\pgf@ya=\dimen112
\pgf@yb=\dimen113
\pgf@yc=\dimen114
\c@pgf@counta=\count99
\c@pgf@countb=\count100
\c@pgf@countc=\count101
\c@pgf@countd=\count102
\pgfutil@tempcnta=\count103
\pgfutil@tempcntb=\count104
) (/usr/share/texlive/texmf-dist/tex/generic/pgf/math/pgfmathparser.code.tex
\pgfmath@dimen=\dimen115
\pgfmath@count=\count105
\pgfmath@box=\box26
\pgfmath@toks=\toks20
\pgfmath@stack@operand=\toks21
\pgfmath@stack@operation=\toks22
) (/usr/share/texlive/texmf-dist/tex/generic/pgf/math/pgfmathfunctions.code.tex

(/usr/share/texlive/texmf-dist/tex/generic/pgf/math/pgfmathfunctions.basic.code
.tex)
(/usr/share/texlive/texmf-dist/tex/generic/pgf/math/pgfmathfunctions.trigonomet
ric.code.tex)
(/usr/share/texlive/texmf-dist/tex/generic/pgf/math/pgfmathfunctions.random.cod
e.tex)
(/usr/share/texlive/texmf-dist/tex/generic/pgf/math/pgfmathfunctions.comparison
.code.tex)
(/usr/share/texlive/texmf-dist/tex/generic/pgf/math/pgfmathfunctions.base.code.
tex)
(/usr/share/texlive/texmf-dist/tex/generic/pgf/math/pgfmathfunctions.round.code
.tex)
(/usr/share/texlive/texmf-dist/tex/generic/pgf/math/pgfmathfunctions.misc.code.
tex)
(/usr/share/texlive/texmf-dist/tex/generic/pgf/math/pgfmathfunctions.integerari
thmetics.code.tex))) (/usr/share/texlive/texmf-dist/tex/generic/pgf/math/pgfmat
hfloat.code.tex
\c@pgfmathroundto@lastzeros=\count106
))
\pgffor@iter=\dimen116
\pgffor@skip=\dimen117
\pgffor@stack=\toks23
\pgffor@toks=\toks24
)
\psLoopIndex=\count107
`PSTricks' v2.82  <2018/01/06> (tvz,hv)
\pst@dima=\dimen118
\pst@dimb=\dimen119
\pst@dimc=\dimen120
\pst@dimd=\dimen121
\pst@dimg=\dimen122
\pst@dimh=\dimen123
\pst@dimm=\dimen124
\pst@dimn=\dimen125
\pst@dimo=\dimen126
\pst@dimp=\dimen127
\pst@hbox=\box27
\pst@ibox=\box28
\pst@boxg=\box29
\pst@cnta=\count108
\pst@cntb=\count109
\pst@cntc=\count110
\pst@cntd=\count111
\pst@cntg=\count112
\pst@cnth=\count113
\pst@cntm=\count114
\pst@cntn=\count115
\pst@cnto=\count116
\pst@cntp=\count117
\@zero=\count118
\pst@toks=\toks25
(/usr/share/texlive/texmf-dist/tex/generic/pstricks/pstricks.con)
\psunit=\dimen128
\psxunit=\dimen129
\psyunit=\dimen130
\pst@C@@rType=\count119
\pslinewidth=\dimen131
\psk@startLW=\dimen132
\psk@endLW=\dimen133
\pst@customdefs=\toks26
\pslinearc=\dimen134
\pst@symbolStep=\dimen135
\pst@symbolWidth=\dimen136
\pst@symbolLinewidth=\dimen137
\everypsbox=\toks27
\psframesep=\dimen138
\pslabelsep=\dimen139
\sh@wgridXunit=\dimen140
\sh@wgridYunit=\dimen141
\pst@shift=\dimen142
)
File: pstricks.tex 2018/01/06 v2.82 `PSTricks' (tvz,hv)
(/usr/share/texlive/texmf-dist/tex/generic/pstricks/pst-fp.tex)
File: pst-fp.tex 2018/01/06 v2.82 `PST-fp' (hv)
) (/usr/share/texmf/tex/latex/preview/preview.sty
Package: preview 2017/04/24 11.91 (AUCTeX/preview-latex)
(/usr/share/texlive/texmf-dist/tex/generic/luatex85/luatex85.sty
Package: luatex85 2016/06/15 v1.4 pdftex aliases for luatex
) (/usr/share/texmf/tex/latex/preview/prtightpage.def
\PreviewBorder=\dimen143
)
\pr@snippet=\count120
\pr@box=\box30
\pr@output=\toks28
)
\pdfoutput=\count121
(/usr/share/texlive/texmf-dist/tex/latex/graphics-def/pdftex.def
File: pdftex.def 2018/01/08 v1.0l Graphics/color driver for pdftex
))) (/usr/share/texlive/texmf-dist/tex/latex/pst-node/pst-node.sty
Package: pst-node 2012/09/18 v1.01 LaTeX wrapper for `pst-node' (HV)
Package: pst-node 2010/04/22 package wrapper for pst-node.tex
(/usr/share/texlive/texmf-dist/tex/generic/pst-node/pst-node.tex  v1.41, 2017/1
2/30
\psrow=\count122
\pscol=\count123
\psmatrixcnt=\count124
\psrowsep=\skip43
\pscolsep=\skip44
\pst@args=\count125
\num@pts=\count126
\pst@argcnt=\count127
)
File: pst-node.tex 2017/12/30 1.41 `pst-node' (tvz,hv)
) (/usr/share/texlive/texmf-dist/tex/latex/graphics/rotating.sty
Package: rotating 2016/08/11 v2.16d rotated objects in LaTeX
(/usr/share/texlive/texmf-dist/tex/latex/base/ifthen.sty
Package: ifthen 2014/09/29 v1.1c Standard LaTeX ifthen package (DPC)
)
\c@r@tfl@t=\count128
\rotFPtop=\skip45
\rotFPbot=\skip46
\rot@float@box=\box31
\rot@mess@toks=\toks29
)
No file PretzelTangles-(10,-11)_BNr-autopp.aux.
LaTeX Font Info:    Checking defaults for OML/cmm/m/it on input line 4.
LaTeX Font Info:    ... okay on input line 4.
LaTeX Font Info:    Checking defaults for T1/cmr/m/n on input line 4.
LaTeX Font Info:    ... okay on input line 4.
LaTeX Font Info:    Checking defaults for OT1/cmr/m/n on input line 4.
LaTeX Font Info:    ... okay on input line 4.
LaTeX Font Info:    Checking defaults for OMS/cmsy/m/n on input line 4.
LaTeX Font Info:    ... okay on input line 4.
LaTeX Font Info:    Checking defaults for OMX/cmex/m/n on input line 4.
LaTeX Font Info:    ... okay on input line 4.
LaTeX Font Info:    Checking defaults for U/cmr/m/n on input line 4.
LaTeX Font Info:    ... okay on input line 4.
Preview: Fontsize 10pt
LaTeX Font Info:    External font `cmex10' loaded for size
(Font)              <7> on input line 9.
LaTeX Font Info:    External font `cmex10' loaded for size
(Font)              <5> on input line 9.
! Number too big.
<argument> 0909090909
                     091
l.10 \cnode*(11.0;-79.0909090909091){3.5pt}{P1}
                                               
I can only go up to 2147483647='17777777777="7FFFFFFF,
so I'm using that number instead of yours.

! Number too big.
<argument> 0909090909
                     091
l.10 \cnode*(11.0;-79.0909090909091){3.5pt}{P1}
                                               
I can only go up to 2147483647='17777777777="7FFFFFFF,
so I'm using that number instead of yours.

! Number too big.
<argument> 0909090909
                     091
l.11 ...90909091}{P1}{$q^{29}h^{20}\delta^{-5.5}$}
                                                  
I can only go up to 2147483647='17777777777="7FFFFFFF,
so I'm using that number instead of yours.

! Number too big.
<argument> 1818181818
                     1819
l.12 \cnode*(11.0;-68.18181818181819){3.5pt}{P2}
                                                
I can only go up to 2147483647='17777777777="7FFFFFFF,
so I'm using that number instead of yours.

! Number too big.
<argument> 1818181818
                     1819
l.12 \cnode*(11.0;-68.18181818181819){3.5pt}{P2}
                                                
I can only go up to 2147483647='17777777777="7FFFFFFF,
so I'm using that number instead of yours.

! Number too big.
<argument> 1818181818
                     1819
l.13 ...18181819}{P2}{$q^{27}h^{19}\delta^{-5.5}$}
                                                  
I can only go up to 2147483647='17777777777="7FFFFFFF,
so I'm using that number instead of yours.

! Number too big.
<argument> 2727272727
                     2727
l.14 \cnode*(11.0;-57.27272727272727){3.5pt}{P3}
                                                
I can only go up to 2147483647='17777777777="7FFFFFFF,
so I'm using that number instead of yours.

! Number too big.
<argument> 2727272727
                     2727
l.14 \cnode*(11.0;-57.27272727272727){3.5pt}{P3}
                                                
I can only go up to 2147483647='17777777777="7FFFFFFF,
so I'm using that number instead of yours.

! Number too big.
<argument> 2727272727
                     2727
l.15 ...27272727}{P3}{$q^{25}h^{18}\delta^{-5.5}$}
                                                  
I can only go up to 2147483647='17777777777="7FFFFFFF,
so I'm using that number instead of yours.

! Number too big.
<argument> 3636363636
                     3637
l.16 \cnode*(11.0;-46.36363636363637){3.5pt}{P4}
                                                
I can only go up to 2147483647='17777777777="7FFFFFFF,
so I'm using that number instead of yours.

! Number too big.
<argument> 3636363636
                     3637
l.16 \cnode*(11.0;-46.36363636363637){3.5pt}{P4}
                                                
I can only go up to 2147483647='17777777777="7FFFFFFF,
so I'm using that number instead of yours.

! Number too big.
<argument> 3636363636
                     3637
l.17 ...36363637}{P4}{$q^{23}h^{17}\delta^{-5.5}$}
                                                  
I can only go up to 2147483647='17777777777="7FFFFFFF,
so I'm using that number instead of yours.

! Number too big.
<argument> 4545454545
                     4545
l.18 \cnode*(11.0;-35.45454545454545){3.5pt}{P5}
                                                
I can only go up to 2147483647='17777777777="7FFFFFFF,
so I'm using that number instead of yours.

! Number too big.
<argument> 4545454545
                     4545
l.18 \cnode*(11.0;-35.45454545454545){3.5pt}{P5}
                                                
I can only go up to 2147483647='17777777777="7FFFFFFF,
so I'm using that number instead of yours.

! Number too big.
<argument> 4545454545
                     4545
l.19 ...45454545}{P5}{$q^{21}h^{16}\delta^{-5.5}$}
                                                  
I can only go up to 2147483647='17777777777="7FFFFFFF,
so I'm using that number instead of yours.

! Number too big.
<argument> 5454545454
                     54547
l.20 \cnode*(11.0;-24.545454545454547){3.5pt}{P6}
                                                 
I can only go up to 2147483647='17777777777="7FFFFFFF,
so I'm using that number instead of yours.

! Number too big.
<argument> 5454545454
                     54547
l.20 \cnode*(11.0;-24.545454545454547){3.5pt}{P6}
                                                 
I can only go up to 2147483647='17777777777="7FFFFFFF,
so I'm using that number instead of yours.

! Number too big.
<argument> 5454545454
                     54547
l.21 ...45454547}{P6}{$q^{19}h^{15}\delta^{-5.5}$}
                                                  
I can only go up to 2147483647='17777777777="7FFFFFFF,
so I'm using that number instead of yours.

! Number too big.
<argument> 6363636363
                     6364
l.22 \cnode*(11.0;-13.63636363636364){3.5pt}{P7}
                                                
I can only go up to 2147483647='17777777777="7FFFFFFF,
so I'm using that number instead of yours.

! Number too big.
<argument> 6363636363
                     6364
l.22 \cnode*(11.0;-13.63636363636364){3.5pt}{P7}
                                                
I can only go up to 2147483647='17777777777="7FFFFFFF,
so I'm using that number instead of yours.

! Number too big.
<argument> 6363636363
                     6364
l.23 ...63636364}{P7}{$q^{17}h^{14}\delta^{-5.5}$}
                                                  
I can only go up to 2147483647='17777777777="7FFFFFFF,
so I'm using that number instead of yours.

! Number too big.
<argument> 7272727272
                     727337
l.24 \cnode*(11.0;-2.7272727272727337){3.5pt}{P8}
                                                 
I can only go up to 2147483647='17777777777="7FFFFFFF,
so I'm using that number instead of yours.

! Number too big.
<argument> 7272727272
                     727337
l.24 \cnode*(11.0;-2.7272727272727337){3.5pt}{P8}
                                                 
I can only go up to 2147483647='17777777777="7FFFFFFF,
so I'm using that number instead of yours.

! Number too big.
<argument> 7272727272
                     727337
l.25 ...72727337}{P8}{$q^{15}h^{13}\delta^{-5.5}$}
                                                  
I can only go up to 2147483647='17777777777="7FFFFFFF,
so I'm using that number instead of yours.

! Number too big.
<argument> 1818181818
                     18187
l.26 \cnode*(11.0;8.181818181818187){3.5pt}{P9}
                                               
I can only go up to 2147483647='17777777777="7FFFFFFF,
so I'm using that number instead of yours.

! Number too big.
<argument> 1818181818
                     18187
l.26 \cnode*(11.0;8.181818181818187){3.5pt}{P9}
                                               
I can only go up to 2147483647='17777777777="7FFFFFFF,
so I'm using that number instead of yours.

! Number too big.
<argument> 1818181818
                     18187
l.27 ...81818187}{P9}{$q^{13}h^{12}\delta^{-5.5}$}
                                                  
I can only go up to 2147483647='17777777777="7FFFFFFF,
so I'm using that number instead of yours.

! Number too big.
<argument> 0909090909
                     09093
l.28 \cnode*(11.0;19.090909090909093){3.5pt}{P10}
                                                 
I can only go up to 2147483647='17777777777="7FFFFFFF,
so I'm using that number instead of yours.

! Number too big.
<argument> 0909090909
                     09093
l.28 \cnode*(11.0;19.090909090909093){3.5pt}{P10}
                                                 
I can only go up to 2147483647='17777777777="7FFFFFFF,
so I'm using that number instead of yours.

! Number too big.
<argument> 0909090909
                     09093
l.29 ...0909093}{P10}{$q^{11}h^{11}\delta^{-5.5}$}
                                                  
I can only go up to 2147483647='17777777777="7FFFFFFF,
so I'm using that number instead of yours.

! Number too big.
<argument> 9090909090
                     9091
l.32 \cnode*(11.0;40.90909090909091){3.5pt}{P12}
                                                
I can only go up to 2147483647='17777777777="7FFFFFFF,
so I'm using that number instead of yours.

! Number too big.
<argument> 9090909090
                     9091
l.32 \cnode*(11.0;40.90909090909091){3.5pt}{P12}
                                                
I can only go up to 2147483647='17777777777="7FFFFFFF,
so I'm using that number instead of yours.

! Number too big.
<argument> 9090909090
                     9091
l.33 ...090909091}{P12}{$q^{7}h^{9}\delta^{-5.5}$}
                                                  
I can only go up to 2147483647='17777777777="7FFFFFFF,
so I'm using that number instead of yours.

! Number too big.
<argument> 8181818181
                     8181
l.34 \cnode*(11.0;51.81818181818181){3.5pt}{P13}
                                                
I can only go up to 2147483647='17777777777="7FFFFFFF,
so I'm using that number instead of yours.

! Number too big.
<argument> 8181818181
                     8181
l.34 \cnode*(11.0;51.81818181818181){3.5pt}{P13}
                                                
I can only go up to 2147483647='17777777777="7FFFFFFF,
so I'm using that number instead of yours.

! Number too big.
<argument> 8181818181
                     8181
l.35 ...181818181}{P13}{$q^{5}h^{8}\delta^{-5.5}$}
                                                  
I can only go up to 2147483647='17777777777="7FFFFFFF,
so I'm using that number instead of yours.

! Number too big.
<argument> 7272727272
                     7272
l.36 \cnode*(11.0;62.72727272727272){3.5pt}{P14}
                                                
I can only go up to 2147483647='17777777777="7FFFFFFF,
so I'm using that number instead of yours.

! Number too big.
<argument> 7272727272
                     7272
l.36 \cnode*(11.0;62.72727272727272){3.5pt}{P14}
                                                
I can only go up to 2147483647='17777777777="7FFFFFFF,
so I'm using that number instead of yours.

! Number too big.
<argument> 7272727272
                     7272
l.37 ...272727272}{P14}{$q^{3}h^{7}\delta^{-5.5}$}
                                                  
I can only go up to 2147483647='17777777777="7FFFFFFF,
so I'm using that number instead of yours.

! Number too big.
<argument> 6363636363
                     6363
l.38 \cnode*(11.0;73.63636363636363){3.5pt}{P15}
                                                
I can only go up to 2147483647='17777777777="7FFFFFFF,
so I'm using that number instead of yours.

! Number too big.
<argument> 6363636363
                     6363
l.38 \cnode*(11.0;73.63636363636363){3.5pt}{P15}
                                                
I can only go up to 2147483647='17777777777="7FFFFFFF,
so I'm using that number instead of yours.

! Number too big.
<argument> 6363636363
                     6363
l.39 ...363636363}{P15}{$q^{1}h^{6}\delta^{-5.5}$}
                                                  
I can only go up to 2147483647='17777777777="7FFFFFFF,
so I'm using that number instead of yours.

! Number too big.
<argument> 5454545454
                     5453
l.40 \cnode*(11.0;84.54545454545453){3.5pt}{P16}
                                                
I can only go up to 2147483647='17777777777="7FFFFFFF,
so I'm using that number instead of yours.

! Number too big.
<argument> 5454545454
                     5453
l.40 \cnode*(11.0;84.54545454545453){3.5pt}{P16}
                                                
I can only go up to 2147483647='17777777777="7FFFFFFF,
so I'm using that number instead of yours.

! Number too big.
<argument> 5454545454
                     5453
l.41 ...54545453}{P16}{$q^{-1}h^{5}\delta^{-5.5}$}
                                                  
I can only go up to 2147483647='17777777777="7FFFFFFF,
so I'm using that number instead of yours.

! Number too big.
<argument> 4545454545
                     4547
l.42 \cnode*(11.0;95.45454545454547){3.5pt}{P17}
                                                
I can only go up to 2147483647='17777777777="7FFFFFFF,
so I'm using that number instead of yours.

! Number too big.
<argument> 4545454545
                     4547
l.42 \cnode*(11.0;95.45454545454547){3.5pt}{P17}
                                                
I can only go up to 2147483647='17777777777="7FFFFFFF,
so I'm using that number instead of yours.

! Number too big.
<argument> 4545454545
                     4547
l.43 ...45454547}{P17}{$q^{-3}h^{4}\delta^{-5.5}$}
                                                  
I can only go up to 2147483647='17777777777="7FFFFFFF,
so I'm using that number instead of yours.

! Number too big.
<argument> 3636363636
                     3637
l.44 \cnode*(11.0;106.36363636363637){3.5pt}{P18}
                                                 
I can only go up to 2147483647='17777777777="7FFFFFFF,
so I'm using that number instead of yours.

! Number too big.
<argument> 3636363636
                     3637
l.44 \cnode*(11.0;106.36363636363637){3.5pt}{P18}
                                                 
I can only go up to 2147483647='17777777777="7FFFFFFF,
so I'm using that number instead of yours.

! Number too big.
<argument> 3636363636
                     3637
l.45 ...36363637}{P18}{$q^{-5}h^{3}\delta^{-5.5}$}
                                                  
I can only go up to 2147483647='17777777777="7FFFFFFF,
so I'm using that number instead of yours.

! Number too big.
<argument> 2727272727
                     2728
l.46 \cnode*(11.0;117.27272727272728){3.5pt}{P19}
                                                 
I can only go up to 2147483647='17777777777="7FFFFFFF,
so I'm using that number instead of yours.

! Number too big.
<argument> 2727272727
                     2728
l.46 \cnode*(11.0;117.27272727272728){3.5pt}{P19}
                                                 
I can only go up to 2147483647='17777777777="7FFFFFFF,
so I'm using that number instead of yours.

! Number too big.
<argument> 2727272727
                     2728
l.47 ...27272728}{P19}{$q^{-7}h^{2}\delta^{-5.5}$}
                                                  
I can only go up to 2147483647='17777777777="7FFFFFFF,
so I'm using that number instead of yours.

! Number too big.
<argument> 1818181818
                     182
l.48 \cnode*(11.0;128.1818181818182){3.5pt}{P20}
                                                
I can only go up to 2147483647='17777777777="7FFFFFFF,
so I'm using that number instead of yours.

! Number too big.
<argument> 1818181818
                     182
l.48 \cnode*(11.0;128.1818181818182){3.5pt}{P20}
                                                
I can only go up to 2147483647='17777777777="7FFFFFFF,
so I'm using that number instead of yours.

! Number too big.
<argument> 1818181818
                     182
l.49 ...81818182}{P20}{$q^{-9}h^{1}\delta^{-5.5}$}
                                                  
I can only go up to 2147483647='17777777777="7FFFFFFF,
so I'm using that number instead of yours.

! Number too big.
<argument> 0909090909
                     091
l.50 \cnode(11.0;139.0909090909091){3.5pt}{P21}
                                               
I can only go up to 2147483647='17777777777="7FFFFFFF,
so I'm using that number instead of yours.

! Number too big.
<argument> 0909090909
                     091
l.50 \cnode(11.0;139.0909090909091){3.5pt}{P21}
                                               
I can only go up to 2147483647='17777777777="7FFFFFFF,
so I'm using that number instead of yours.

! Number too big.
<argument> 0909090909
                     091
l.51 ...090909091}{P21}{$q^{-10}h^{0}\delta^{-5}$}
                                                  
I can only go up to 2147483647='17777777777="7FFFFFFF,
so I'm using that number instead of yours.

! Number too big.
<argument> 9090909090
                     909
l.54 \cnode*(11.0;160.9090909090909){3.5pt}{P23}
                                                
I can only go up to 2147483647='17777777777="7FFFFFFF,
so I'm using that number instead of yours.

! Number too big.
<argument> 9090909090
                     909
l.54 \cnode*(11.0;160.9090909090909){3.5pt}{P23}
                                                
I can only go up to 2147483647='17777777777="7FFFFFFF,
so I'm using that number instead of yours.

! Number too big.
<argument> 9090909090
                     909
l.55 ...09090909}{P23}{$q^{-7}h^{2}\delta^{-5.5}$}
                                                  
I can only go up to 2147483647='17777777777="7FFFFFFF,
so I'm using that number instead of yours.

! Number too big.
<argument> 8181818181
                     818
l.56 \cnode*(11.0;171.8181818181818){3.5pt}{P24}
                                                
I can only go up to 2147483647='17777777777="7FFFFFFF,
so I'm using that number instead of yours.

! Number too big.
<argument> 8181818181
                     818
l.56 \cnode*(11.0;171.8181818181818){3.5pt}{P24}
                                                
I can only go up to 2147483647='17777777777="7FFFFFFF,
so I'm using that number instead of yours.

! Number too big.
<argument> 8181818181
                     818
l.57 ...18181818}{P24}{$q^{-5}h^{3}\delta^{-5.5}$}
                                                  
I can only go up to 2147483647='17777777777="7FFFFFFF,
so I'm using that number instead of yours.

! Number too big.
<argument> 7272727272
                     7275
l.58 \cnode*(11.0;182.72727272727275){3.5pt}{P25}
                                                 
I can only go up to 2147483647='17777777777="7FFFFFFF,
so I'm using that number instead of yours.

! Number too big.
<argument> 7272727272
                     7275
l.58 \cnode*(11.0;182.72727272727275){3.5pt}{P25}
                                                 
I can only go up to 2147483647='17777777777="7FFFFFFF,
so I'm using that number instead of yours.

! Number too big.
<argument> 7272727272
                     7275
l.59 ...72727275}{P25}{$q^{-3}h^{4}\delta^{-5.5}$}
                                                  
I can only go up to 2147483647='17777777777="7FFFFFFF,
so I'm using that number instead of yours.

! Number too big.
<argument> 6363636363
                     6363
l.60 \cnode*(11.0;193.63636363636363){3.5pt}{P26}
                                                 
I can only go up to 2147483647='17777777777="7FFFFFFF,
so I'm using that number instead of yours.

! Number too big.
<argument> 6363636363
                     6363
l.60 \cnode*(11.0;193.63636363636363){3.5pt}{P26}
                                                 
I can only go up to 2147483647='17777777777="7FFFFFFF,
so I'm using that number instead of yours.

! Number too big.
<argument> 6363636363
                     6363
l.61 ...63636363}{P26}{$q^{-1}h^{5}\delta^{-5.5}$}
                                                  
I can only go up to 2147483647='17777777777="7FFFFFFF,
so I'm using that number instead of yours.

! Number too big.
<argument> 5454545454
                     5456
l.62 \cnode*(11.0;204.54545454545456){3.5pt}{P27}
                                                 
I can only go up to 2147483647='17777777777="7FFFFFFF,
so I'm using that number instead of yours.

! Number too big.
<argument> 5454545454
                     5456
l.62 \cnode*(11.0;204.54545454545456){3.5pt}{P27}
                                                 
I can only go up to 2147483647='17777777777="7FFFFFFF,
so I'm using that number instead of yours.

! Number too big.
<argument> 5454545454
                     5456
l.63 ...454545456}{P27}{$q^{1}h^{6}\delta^{-5.5}$}
                                                  
I can only go up to 2147483647='17777777777="7FFFFFFF,
so I'm using that number instead of yours.

! Number too big.
<argument> 4545454545
                     4544
l.64 \cnode*(11.0;215.45454545454544){3.5pt}{P28}
                                                 
I can only go up to 2147483647='17777777777="7FFFFFFF,
so I'm using that number instead of yours.

! Number too big.
<argument> 4545454545
                     4544
l.64 \cnode*(11.0;215.45454545454544){3.5pt}{P28}
                                                 
I can only go up to 2147483647='17777777777="7FFFFFFF,
so I'm using that number instead of yours.

! Number too big.
<argument> 4545454545
                     4544
l.65 ...545454544}{P28}{$q^{3}h^{7}\delta^{-5.5}$}
                                                  
I can only go up to 2147483647='17777777777="7FFFFFFF,
so I'm using that number instead of yours.

! Number too big.
<argument> 3636363636
                     3637
l.66 \cnode*(11.0;226.36363636363637){3.5pt}{P29}
                                                 
I can only go up to 2147483647='17777777777="7FFFFFFF,
so I'm using that number instead of yours.

! Number too big.
<argument> 3636363636
                     3637
l.66 \cnode*(11.0;226.36363636363637){3.5pt}{P29}
                                                 
I can only go up to 2147483647='17777777777="7FFFFFFF,
so I'm using that number instead of yours.

! Number too big.
<argument> 3636363636
                     3637
l.67 ...636363637}{P29}{$q^{5}h^{8}\delta^{-5.5}$}
                                                  
I can only go up to 2147483647='17777777777="7FFFFFFF,
so I'm using that number instead of yours.

! Number too big.
<argument> 2727272727
                     2725
l.68 \cnode*(11.0;237.27272727272725){3.5pt}{P30}
                                                 
I can only go up to 2147483647='17777777777="7FFFFFFF,
so I'm using that number instead of yours.

! Number too big.
<argument> 2727272727
                     2725
l.68 \cnode*(11.0;237.27272727272725){3.5pt}{P30}
                                                 
I can only go up to 2147483647='17777777777="7FFFFFFF,
so I'm using that number instead of yours.

! Number too big.
<argument> 2727272727
                     2725
l.69 ...727272725}{P30}{$q^{7}h^{9}\delta^{-5.5}$}
                                                  
I can only go up to 2147483647='17777777777="7FFFFFFF,
so I'm using that number instead of yours.

! Number too big.
<argument> 1818181818
                     182
l.70 \cnode*(11.0;248.1818181818182){3.5pt}{P31}
                                                
I can only go up to 2147483647='17777777777="7FFFFFFF,
so I'm using that number instead of yours.

! Number too big.
<argument> 1818181818
                     182
l.70 \cnode*(11.0;248.1818181818182){3.5pt}{P31}
                                                
I can only go up to 2147483647='17777777777="7FFFFFFF,
so I'm using that number instead of yours.

! Number too big.
<argument> 1818181818
                     182
l.71 ...81818182}{P31}{$q^{9}h^{10}\delta^{-5.5}$}
                                                  
I can only go up to 2147483647='17777777777="7FFFFFFF,
so I'm using that number instead of yours.

! Number too big.
<argument> 0909090909
                     0907
l.72 \cnode*(11.0;259.09090909090907){3.5pt}{P32}
                                                 
I can only go up to 2147483647='17777777777="7FFFFFFF,
so I'm using that number instead of yours.

! Number too big.
<argument> 0909090909
                     0907
l.72 \cnode*(11.0;259.09090909090907){3.5pt}{P32}
                                                 
I can only go up to 2147483647='17777777777="7FFFFFFF,
so I'm using that number instead of yours.

! Number too big.
<argument> 0909090909
                     0907
l.73 ...9090907}{P32}{$q^{11}h^{11}\delta^{-5.5}$}
                                                  
I can only go up to 2147483647='17777777777="7FFFFFFF,
so I'm using that number instead of yours.


Overfull \hbox (437.45044pt too wide) in paragraph at lines 106--106
[][] 
 []

Preview: Tightpage -32891 -32891 32891 32891
[1]
Overfull \hbox (494.35593pt too wide) in paragraph at lines 217--217
[][] 
 []

[2]
! Number too big.
<argument> 1428571428
                     5714
l.222 ...3333333334;-77.14285714285714){3.5pt}{P1}
                                                  
I can only go up to 2147483647='17777777777="7FFFFFFF,
so I'm using that number instead of yours.

! Number too big.
<argument> 1428571428
                     5714
l.222 ...3333333334;-77.14285714285714){3.5pt}{P1}
                                                  
I can only go up to 2147483647='17777777777="7FFFFFFF,
so I'm using that number instead of yours.

! Number too big.
<argument> 1428571428
                     5714
l.223 ...85714285714}{P1}{$q^{0}h^{5}\delta^{-5}$}
                                                  
I can only go up to 2147483647='17777777777="7FFFFFFF,
so I'm using that number instead of yours.

! Number too big.
<argument> 2857142857
                     1428
l.224 ...3333333334;-64.28571428571428){3.5pt}{P2}
                                                  
I can only go up to 2147483647='17777777777="7FFFFFFF,
so I'm using that number instead of yours.

! Number too big.
<argument> 2857142857
                     1428
l.224 ...3333333334;-64.28571428571428){3.5pt}{P2}
                                                  
I can only go up to 2147483647='17777777777="7FFFFFFF,
so I'm using that number instead of yours.

! Number too big.
<argument> 2857142857
                     1428
l.225 ...428571428}{P2}{$q^{1}h^{6}\delta^{-5.5}$}
                                                  
I can only go up to 2147483647='17777777777="7FFFFFFF,
so I'm using that number instead of yours.

! Number too big.
<argument> 4285714285
                     7143
l.226 ...3333333334;-51.42857142857143){3.5pt}{P3}
                                                  
I can only go up to 2147483647='17777777777="7FFFFFFF,
so I'm using that number instead of yours.

! Number too big.
<argument> 4285714285
                     7143
l.226 ...3333333334;-51.42857142857143){3.5pt}{P3}
                                                  
I can only go up to 2147483647='17777777777="7FFFFFFF,
so I'm using that number instead of yours.

! Number too big.
<argument> 4285714285
                     7143
l.227 ...142857143}{P3}{$q^{3}h^{7}\delta^{-5.5}$}
                                                  
I can only go up to 2147483647='17777777777="7FFFFFFF,
so I'm using that number instead of yours.

! Number too big.
<argument> 5714285714
                     2857
l.228 ...3333333334;-38.57142857142857){3.5pt}{P4}
                                                  
I can only go up to 2147483647='17777777777="7FFFFFFF,
so I'm using that number instead of yours.

! Number too big.
<argument> 5714285714
                     2857
l.228 ...3333333334;-38.57142857142857){3.5pt}{P4}
                                                  
I can only go up to 2147483647='17777777777="7FFFFFFF,
so I'm using that number instead of yours.

! Number too big.
<argument> 5714285714
                     2857
l.229 ...857142857}{P4}{$q^{5}h^{8}\delta^{-5.5}$}
                                                  
I can only go up to 2147483647='17777777777="7FFFFFFF,
so I'm using that number instead of yours.

! Number too big.
<argument> 7142857142
                     85708
l.230 ...333333334;-25.714285714285708){3.5pt}{P5}
                                                  
I can only go up to 2147483647='17777777777="7FFFFFFF,
so I'm using that number instead of yours.

! Number too big.
<argument> 7142857142
                     85708
l.230 ...333333334;-25.714285714285708){3.5pt}{P5}
                                                  
I can only go up to 2147483647='17777777777="7FFFFFFF,
so I'm using that number instead of yours.

! Number too big.
<argument> 7142857142
                     85708
l.231 ...714285708}{P5}{$q^{7}h^{9}\delta^{-5.5}$}
                                                  
I can only go up to 2147483647='17777777777="7FFFFFFF,
so I'm using that number instead of yours.

! Number too big.
<argument> 8571428571
                     42861
l.232 ...333333334;-12.857142857142861){3.5pt}{P6}
                                                  
I can only go up to 2147483647='17777777777="7FFFFFFF,
so I'm using that number instead of yours.

! Number too big.
<argument> 8571428571
                     42861
l.232 ...333333334;-12.857142857142861){3.5pt}{P6}
                                                  
I can only go up to 2147483647='17777777777="7FFFFFFF,
so I'm using that number instead of yours.

! Number too big.
<argument> 8571428571
                     42861
l.233 ...57142861}{P6}{$q^{9}h^{10}\delta^{-5.5}$}
                                                  
I can only go up to 2147483647='17777777777="7FFFFFFF,
so I'm using that number instead of yours.

! Number too big.
<argument> 8571428571
                     42861
l.236 ...3333333334;12.857142857142861){3.5pt}{P8}
                                                  
I can only go up to 2147483647='17777777777="7FFFFFFF,
so I'm using that number instead of yours.

! Number too big.
<argument> 8571428571
                     42861
l.236 ...3333333334;12.857142857142861){3.5pt}{P8}
                                                  
I can only go up to 2147483647='17777777777="7FFFFFFF,
so I'm using that number instead of yours.

! Number too big.
<argument> 8571428571
                     42861
l.237 ...7142861}{P8}{$q^{13}h^{12}\delta^{-5.5}$}
                                                  
I can only go up to 2147483647='17777777777="7FFFFFFF,
so I'm using that number instead of yours.

! Number too big.
<argument> 7142857142
                     85708
l.238 ...3333333334;25.714285714285708){3.5pt}{P9}
                                                  
I can only go up to 2147483647='17777777777="7FFFFFFF,
so I'm using that number instead of yours.

! Number too big.
<argument> 7142857142
                     85708
l.238 ...3333333334;25.714285714285708){3.5pt}{P9}
                                                  
I can only go up to 2147483647='17777777777="7FFFFFFF,
so I'm using that number instead of yours.

! Number too big.
<argument> 7142857142
                     85708
l.239 ...4285708}{P9}{$q^{15}h^{13}\delta^{-5.5}$}
                                                  
I can only go up to 2147483647='17777777777="7FFFFFFF,
so I'm using that number instead of yours.

! Number too big.
<argument> 5714285714
                     28584
l.240 ...333333334;38.571428571428584){3.5pt}{P10}
                                                  
I can only go up to 2147483647='17777777777="7FFFFFFF,
so I'm using that number instead of yours.

! Number too big.
<argument> 5714285714
                     28584
l.240 ...333333334;38.571428571428584){3.5pt}{P10}
                                                  
I can only go up to 2147483647='17777777777="7FFFFFFF,
so I'm using that number instead of yours.

! Number too big.
<argument> 5714285714
                     28584
l.241 ...428584}{P10}{$q^{17}h^{14}\delta^{-5.5}$}
                                                  
I can only go up to 2147483647='17777777777="7FFFFFFF,
so I'm using that number instead of yours.

! Number too big.
<argument> 4285714285
                     71416
l.242 ...333333334;51.428571428571416){3.5pt}{P11}
                                                  
I can only go up to 2147483647='17777777777="7FFFFFFF,
so I'm using that number instead of yours.

! Number too big.
<argument> 4285714285
                     71416
l.242 ...333333334;51.428571428571416){3.5pt}{P11}
                                                  
I can only go up to 2147483647='17777777777="7FFFFFFF,
so I'm using that number instead of yours.

! Number too big.
<argument> 4285714285
                     71416
l.243 ...571416}{P11}{$q^{19}h^{15}\delta^{-5.5}$}
                                                  
I can only go up to 2147483647='17777777777="7FFFFFFF,
so I'm using that number instead of yours.

! Number too big.
<argument> 2857142857
                     1428
l.244 ...3333333334;64.28571428571428){3.5pt}{P12}
                                                  
I can only go up to 2147483647='17777777777="7FFFFFFF,
so I'm using that number instead of yours.

! Number too big.
<argument> 2857142857
                     1428
l.244 ...3333333334;64.28571428571428){3.5pt}{P12}
                                                  
I can only go up to 2147483647='17777777777="7FFFFFFF,
so I'm using that number instead of yours.

! Number too big.
<argument> 2857142857
                     1428
l.245 ...571428}{P12}{$q^{21}h^{16}\delta^{-5.5}$}
                                                  
I can only go up to 2147483647='17777777777="7FFFFFFF,
so I'm using that number instead of yours.

! Number too big.
<argument> 1428571428
                     5714
l.246 ...3333333334;77.14285714285714){3.5pt}{P13}
                                                  
I can only go up to 2147483647='17777777777="7FFFFFFF,
so I'm using that number instead of yours.

! Number too big.
<argument> 1428571428
                     5714
l.246 ...3333333334;77.14285714285714){3.5pt}{P13}
                                                  
I can only go up to 2147483647='17777777777="7FFFFFFF,
so I'm using that number instead of yours.

! Number too big.
<argument> 1428571428
                     5714
l.247 ...285714}{P13}{$q^{23}h^{17}\delta^{-5.5}$}
                                                  
I can only go up to 2147483647='17777777777="7FFFFFFF,
so I'm using that number instead of yours.

! Number too big.
<argument> 8571428571
                     4286
l.250 ...333333334;102.85714285714286){3.5pt}{P15}
                                                  
I can only go up to 2147483647='17777777777="7FFFFFFF,
so I'm using that number instead of yours.

! Number too big.
<argument> 8571428571
                     4286
l.250 ...333333334;102.85714285714286){3.5pt}{P15}
                                                  
I can only go up to 2147483647='17777777777="7FFFFFFF,
so I'm using that number instead of yours.

! Number too big.
<argument> 8571428571
                     4286
l.251 ...85714286}{P15}{$q^{22}h^{17}\delta^{-6}$}
                                                  
I can only go up to 2147483647='17777777777="7FFFFFFF,
so I'm using that number instead of yours.

! Number too big.
<argument> 7142857142
                     8572
l.252 ...333333334;115.71428571428572){3.5pt}{P16}
                                                  
I can only go up to 2147483647='17777777777="7FFFFFFF,
so I'm using that number instead of yours.

! Number too big.
<argument> 7142857142
                     8572
l.252 ...333333334;115.71428571428572){3.5pt}{P16}
                                                  
I can only go up to 2147483647='17777777777="7FFFFFFF,
so I'm using that number instead of yours.

! Number too big.
<argument> 7142857142
                     8572
l.253 ...428572}{P16}{$q^{21}h^{16}\delta^{-5.5}$}
                                                  
I can only go up to 2147483647='17777777777="7FFFFFFF,
so I'm using that number instead of yours.

! Number too big.
<argument> 5714285714
                     2858
l.254 ...333333334;128.57142857142858){3.5pt}{P17}
                                                  
I can only go up to 2147483647='17777777777="7FFFFFFF,
so I'm using that number instead of yours.

! Number too big.
<argument> 5714285714
                     2858
l.254 ...333333334;128.57142857142858){3.5pt}{P17}
                                                  
I can only go up to 2147483647='17777777777="7FFFFFFF,
so I'm using that number instead of yours.

! Number too big.
<argument> 5714285714
                     2858
l.255 ...142858}{P17}{$q^{19}h^{15}\delta^{-5.5}$}
                                                  
I can only go up to 2147483647='17777777777="7FFFFFFF,
so I'm using that number instead of yours.

! Number too big.
<argument> 4285714285
                     7142
l.256 ...333333334;141.42857142857142){3.5pt}{P18}
                                                  
I can only go up to 2147483647='17777777777="7FFFFFFF,
so I'm using that number instead of yours.

! Number too big.
<argument> 4285714285
                     7142
l.256 ...333333334;141.42857142857142){3.5pt}{P18}
                                                  
I can only go up to 2147483647='17777777777="7FFFFFFF,
so I'm using that number instead of yours.

! Number too big.
<argument> 4285714285
                     7142
l.257 ...857142}{P18}{$q^{17}h^{14}\delta^{-5.5}$}
                                                  
I can only go up to 2147483647='17777777777="7FFFFFFF,
so I'm using that number instead of yours.

! Number too big.
<argument> 2857142857
                     1428
l.258 ...333333334;154.28571428571428){3.5pt}{P19}
                                                  
I can only go up to 2147483647='17777777777="7FFFFFFF,
so I'm using that number instead of yours.

! Number too big.
<argument> 2857142857
                     1428
l.258 ...333333334;154.28571428571428){3.5pt}{P19}
                                                  
I can only go up to 2147483647='17777777777="7FFFFFFF,
so I'm using that number instead of yours.

! Number too big.
<argument> 2857142857
                     1428
l.259 ...571428}{P19}{$q^{15}h^{13}\delta^{-5.5}$}
                                                  
I can only go up to 2147483647='17777777777="7FFFFFFF,
so I'm using that number instead of yours.

! Number too big.
<argument> 1428571428
                     5717
l.260 ...333333334;167.14285714285717){3.5pt}{P20}
                                                  
I can only go up to 2147483647='17777777777="7FFFFFFF,
so I'm using that number instead of yours.

! Number too big.
<argument> 1428571428
                     5717
l.260 ...333333334;167.14285714285717){3.5pt}{P20}
                                                  
I can only go up to 2147483647='17777777777="7FFFFFFF,
so I'm using that number instead of yours.

! Number too big.
<argument> 1428571428
                     5717
l.261 ...285717}{P20}{$q^{13}h^{12}\delta^{-5.5}$}
                                                  
I can only go up to 2147483647='17777777777="7FFFFFFF,
so I'm using that number instead of yours.

! Number too big.
<argument> 8571428571
                     4283
l.264 ...333333334;192.85714285714283){3.5pt}{P22}
                                                  
I can only go up to 2147483647='17777777777="7FFFFFFF,
so I'm using that number instead of yours.

! Number too big.
<argument> 8571428571
                     4283
l.264 ...333333334;192.85714285714283){3.5pt}{P22}
                                                  
I can only go up to 2147483647='17777777777="7FFFFFFF,
so I'm using that number instead of yours.

! Number too big.
<argument> 8571428571
                     4283
l.265 ...5714283}{P22}{$q^{9}h^{10}\delta^{-5.5}$}
                                                  
I can only go up to 2147483647='17777777777="7FFFFFFF,
so I'm using that number instead of yours.

! Number too big.
<argument> 7142857142
                     8572
l.266 ...333333334;205.71428571428572){3.5pt}{P23}
                                                  
I can only go up to 2147483647='17777777777="7FFFFFFF,
so I'm using that number instead of yours.

! Number too big.
<argument> 7142857142
                     8572
l.266 ...333333334;205.71428571428572){3.5pt}{P23}
                                                  
I can only go up to 2147483647='17777777777="7FFFFFFF,
so I'm using that number instead of yours.

! Number too big.
<argument> 7142857142
                     8572
l.267 ...71428572}{P23}{$q^{7}h^{9}\delta^{-5.5}$}
                                                  
I can only go up to 2147483647='17777777777="7FFFFFFF,
so I'm using that number instead of yours.

! Number too big.
<argument> 5714285714
                     2856
l.268 ...333333334;218.57142857142856){3.5pt}{P24}
                                                  
I can only go up to 2147483647='17777777777="7FFFFFFF,
so I'm using that number instead of yours.

! Number too big.
<argument> 5714285714
                     2856
l.268 ...333333334;218.57142857142856){3.5pt}{P24}
                                                  
I can only go up to 2147483647='17777777777="7FFFFFFF,
so I'm using that number instead of yours.

! Number too big.
<argument> 5714285714
                     2856
l.269 ...57142856}{P24}{$q^{5}h^{8}\delta^{-5.5}$}
                                                  
I can only go up to 2147483647='17777777777="7FFFFFFF,
so I'm using that number instead of yours.

! Number too big.
<argument> 4285714285
                     7144
l.270 ...333333334;231.42857142857144){3.5pt}{P25}
                                                  
I can only go up to 2147483647='17777777777="7FFFFFFF,
so I'm using that number instead of yours.

! Number too big.
<argument> 4285714285
                     7144
l.270 ...333333334;231.42857142857144){3.5pt}{P25}
                                                  
I can only go up to 2147483647='17777777777="7FFFFFFF,
so I'm using that number instead of yours.

! Number too big.
<argument> 4285714285
                     7144
l.271 ...42857144}{P25}{$q^{3}h^{7}\delta^{-5.5}$}
                                                  
I can only go up to 2147483647='17777777777="7FFFFFFF,
so I'm using that number instead of yours.

! Number too big.
<argument> 2857142857
                     1428
l.272 ...333333334;244.28571428571428){3.5pt}{P26}
                                                  
I can only go up to 2147483647='17777777777="7FFFFFFF,
so I'm using that number instead of yours.

! Number too big.
<argument> 2857142857
                     1428
l.272 ...333333334;244.28571428571428){3.5pt}{P26}
                                                  
I can only go up to 2147483647='17777777777="7FFFFFFF,
so I'm using that number instead of yours.

! Number too big.
<argument> 2857142857
                     1428
l.273 ...28571428}{P26}{$q^{1}h^{6}\delta^{-5.5}$}
                                                  
I can only go up to 2147483647='17777777777="7FFFFFFF,
so I'm using that number instead of yours.

! Number too big.
<argument> 1428571428
                     5717
l.274 ...333333334;257.14285714285717){3.5pt}{P27}
                                                  
I can only go up to 2147483647='17777777777="7FFFFFFF,
so I'm using that number instead of yours.

! Number too big.
<argument> 1428571428
                     5717
l.274 ...333333334;257.14285714285717){3.5pt}{P27}
                                                  
I can only go up to 2147483647='17777777777="7FFFFFFF,
so I'm using that number instead of yours.

! Number too big.
<argument> 1428571428
                     5717
l.275 ...4285717}{P27}{$q^{-1}h^{5}\delta^{-5.5}$}
                                                  
I can only go up to 2147483647='17777777777="7FFFFFFF,
so I'm using that number instead of yours.


Overfull \hbox (342.60767pt too wide) in paragraph at lines 304--304
[][] 
 []

[3]
Overfull \hbox (190.86029pt too wide) in paragraph at lines 367--367
[][] 
 []

[4]
Overfull \hbox (39.11203pt too wide) in paragraph at lines 406--406
[][] 
 []

[5] ) 
Here is how much of TeX's memory you used:
 8993 strings out of 492983
 158187 string characters out of 6134922
 268647 words of memory out of 5000000
 12450 multiletter control sequences out of 15000+600000
 3640 words of font info for 14 fonts, out of 8000000 for 9000
 1141 hyphenation exceptions out of 8191
 50i,4n,44p,615b,367s stack positions out of 5000i,500n,10000p,200000b,80000s

Output written on PretzelTangles-(10,-11)_BNr-autopp.dvi (5 pages, 211416 bytes
).
