This is pdfTeX, Version 3.14159265-2.6-1.40.18 (TeX Live 2017/Debian) (preloaded format=latex 2019.10.4)  3 NOV 2019 19:00
entering extended mode
 %&-line parsing enabled.
**\let \APPmakepictures \empty \input  PretzelTangles-(10,-3)_BNr_thumbs.tex
(./PretzelTangles-(10,-3)_BNr_thumbs.tex (/usr/share/texlive/texmf-dist/tex/lat
ex/base/article.cls
Document Class: article 2014/09/29 v1.4h Standard LaTeX document class
(/usr/share/texlive/texmf-dist/tex/latex/base/size10.clo
File: size10.clo 2014/09/29 v1.4h Standard LaTeX file (size option)
)
\c@part=\count79
\c@section=\count80
\c@subsection=\count81
\c@subsubsection=\count82
\c@paragraph=\count83
\c@subparagraph=\count84
\c@figure=\count85
\c@table=\count86
\abovecaptionskip=\skip41
\belowcaptionskip=\skip42
\bibindent=\dimen102
) (/usr/share/texlive/texmf-dist/tex/latex/auto-pst-pdf/auto-pst-pdf.sty
Package: auto-pst-pdf 2009/04/26 v0.6 Wrapper for pst-pdf
(/usr/share/texlive/texmf-dist/tex/generic/oberdiek/ifpdf.sty
Package: ifpdf 2017/03/15 v3.2 Provides the ifpdf switch
) (/usr/share/texlive/texmf-dist/tex/latex/xkeyval/xkeyval.sty
Package: xkeyval 2014/12/03 v2.7a package option processing (HA)
(/usr/share/texlive/texmf-dist/tex/generic/xkeyval/xkeyval.tex (/usr/share/texl
ive/texmf-dist/tex/generic/xkeyval/xkvutils.tex
\XKV@toks=\toks14
\XKV@tempa@toks=\toks15
(/usr/share/texlive/texmf-dist/tex/generic/xkeyval/keyval.tex))
\XKV@depth=\count87
File: xkeyval.tex 2014/12/03 v2.7a key=value parser (HA)
)) (/usr/share/texlive/texmf-dist/tex/latex/ifplatform/ifplatform.sty
Package: ifplatform 2017/10/13 v0.4a Testing for the operating system
(/usr/share/texlive/texmf-dist/tex/latex/tools/shellesc.sty
Package: shellesc 2016/06/07 v0.02a unified shell escape interface for LaTeX

Package shellesc Warning: Shell escape disabled on input line 65.

) (/usr/share/texlive/texmf-dist/tex/generic/oberdiek/pdftexcmds.sty
Package: pdftexcmds 2018/01/21 v0.26 Utility functions of pdfTeX for LuaTeX (HO
)
(/usr/share/texlive/texmf-dist/tex/generic/oberdiek/infwarerr.sty
Package: infwarerr 2016/05/16 v1.4 Providing info/warning/error messages (HO)
) (/usr/share/texlive/texmf-dist/tex/generic/oberdiek/ifluatex.sty
Package: ifluatex 2016/05/16 v1.4 Provides the ifluatex switch (HO)
Package ifluatex Info: LuaTeX not detected.
) (/usr/share/texlive/texmf-dist/tex/generic/oberdiek/ltxcmds.sty
Package: ltxcmds 2016/05/16 v1.23 LaTeX kernel commands for general use (HO)
)
Package pdftexcmds Info: LuaTeX not detected.
Package pdftexcmds Info: \pdf@primitive is available.
Package pdftexcmds Info: \pdf@ifprimitive is available.
Package pdftexcmds Info: \pdfdraftmode is ignored in DVI mode.
) (/usr/share/texlive/texmf-dist/tex/generic/oberdiek/catchfile.sty
Package: catchfile 2016/05/16 v1.7 Catch the contents of a file (HO)
(/usr/share/texlive/texmf-dist/tex/generic/oberdiek/etexcmds.sty
Package: etexcmds 2016/05/16 v1.6 Avoid name clashes with e-TeX commands (HO)
Package etexcmds Info: Could not find \expanded.
(etexcmds)             That can mean that you are not using pdfTeX 1.50 or
(etexcmds)             that some package has redefined \expanded.
(etexcmds)             In the latter case, load this package earlier.
))

Package ifplatform Warning: 
    shell escape is disabled, so I can only detect \ifwindows.

)
\c@app@runs=\count88
(/usr/share/texlive/texmf-dist/tex/latex/pst-pdf/pst-pdf.sty
Package: pst-pdf 2017/06/22 v1.2d PS graphics for pdfLaTeX (RN,HjG)
(/usr/share/texlive/texmf-dist/tex/generic/ifxetex/ifxetex.sty
Package: ifxetex 2010/09/12 v0.6 Provides ifxetex conditional
) (/usr/share/texlive/texmf-dist/tex/generic/oberdiek/ifvtex.sty
Package: ifvtex 2016/05/16 v1.6 Detect VTeX and its facilities (HO)
Package ifvtex Info: VTeX not detected.
)
\c@pspicture=\count89
(/usr/share/texlive/texmf-dist/tex/latex/graphics/graphicx.sty
Package: graphicx 2017/06/01 v1.1a Enhanced LaTeX Graphics (DPC,SPQR)
(/usr/share/texlive/texmf-dist/tex/latex/graphics/graphics.sty
Package: graphics 2017/06/25 v1.2c Standard LaTeX Graphics (DPC,SPQR)
(/usr/share/texlive/texmf-dist/tex/latex/graphics/trig.sty
Package: trig 2016/01/03 v1.10 sin cos tan (DPC)
) (/usr/share/texlive/texmf-dist/tex/latex/graphics-cfg/graphics.cfg
File: graphics.cfg 2016/06/04 v1.11 sample graphics configuration
)
Package graphics Info: Driver file: dvips.def on input line 99.
(/usr/share/texlive/texmf-dist/tex/latex/graphics-def/dvips.def
File: dvips.def 2017/06/20 v3.1d Graphics/color driver for dvips
))
\Gin@req@height=\dimen103
\Gin@req@width=\dimen104
)
Package pst-pdf Info: MODE: 0 (dvi -- extraction mode) on input line 102.
No auxiliary output files.

(/usr/share/texlive/texmf-dist/tex/latex/pstricks/pstricks.sty
Package: pstricks 2018/01/06 v0.67 LaTeX wrapper for `PSTricks' (RN,HV)
(/usr/share/texlive/texmf-dist/tex/generic/iftex/iftex.sty
Package: iftex 2013/04/04 v0.2 Provides if(tex) conditional for PDFTeX, XeTeX, 
and LuaTeX
) (/usr/share/texlive/texmf-dist/tex/latex/xcolor/xcolor.sty
Package: xcolor 2016/05/11 v2.12 LaTeX color extensions (UK)
(/usr/share/texlive/texmf-dist/tex/latex/graphics-cfg/color.cfg
File: color.cfg 2016/01/02 v1.6 sample color configuration
)
Package xcolor Info: Driver file: dvips.def on input line 225.
Package xcolor Info: Model `cmy' substituted by `cmy0' on input line 1348.
Package xcolor Info: Model `RGB' extended on input line 1364.
Package xcolor Info: Model `HTML' substituted by `rgb' on input line 1366.
Package xcolor Info: Model `Hsb' substituted by `hsb' on input line 1367.
Package xcolor Info: Model `tHsb' substituted by `hsb' on input line 1368.
Package xcolor Info: Model `HSB' substituted by `hsb' on input line 1369.
Package xcolor Info: Model `Gray' substituted by `gray' on input line 1370.
Package xcolor Info: Model `wave' substituted by `hsb' on input line 1371.
) (/usr/share/texlive/texmf-dist/tex/generic/xkeyval/pst-xkey.tex
File: pst-xkey.tex 2005/11/25 v1.6 PSTricks specialization of xkeyval (HA)
) (/usr/share/texlive/texmf-dist/tex/generic/pstricks/pstricks.tex (/usr/share/
texlive/texmf-dist/tex/generic/pstricks/pst-fp.tex `pst-fp' v0.05, 2010/01/17 (
hv)
\pstFP@xs=\count90
\pstFP@xia=\count91
\pstFP@xib=\count92
\pstFP@xfa=\count93
\pstFP@xfb=\count94
\pstFP@rega=\count95
\pstFP@regb=\count96
\pstFP@regs=\count97
\pstFP@times=\count98
) (/usr/share/texlive/texmf-dist/tex/generic/pgf/utilities/pgfutil-common.tex
\pgfutil@everybye=\toks16
\pgfutil@tempdima=\dimen105
\pgfutil@tempdimb=\dimen106

(/usr/share/texlive/texmf-dist/tex/generic/pgf/utilities/pgfutil-common-lists.t
ex)) (/usr/share/texlive/texmf-dist/tex/generic/pgf/utilities/pgfkeys.code.tex
\pgfkeys@pathtoks=\toks17
\pgfkeys@temptoks=\toks18

(/usr/share/texlive/texmf-dist/tex/generic/pgf/utilities/pgfkeysfiltered.code.t
ex
\pgfkeys@tmptoks=\toks19
)) (/usr/share/texlive/texmf-dist/tex/generic/pgf/utilities/pgffor.code.tex (/u
sr/share/texlive/texmf-dist/tex/generic/pgf/math/pgfmath.code.tex (/usr/share/t
exlive/texmf-dist/tex/generic/pgf/math/pgfmathcalc.code.tex (/usr/share/texlive
/texmf-dist/tex/generic/pgf/math/pgfmathutil.code.tex
\pgf@x=\dimen107
\pgf@xa=\dimen108
\pgf@xb=\dimen109
\pgf@xc=\dimen110
\pgf@y=\dimen111
\pgf@ya=\dimen112
\pgf@yb=\dimen113
\pgf@yc=\dimen114
\c@pgf@counta=\count99
\c@pgf@countb=\count100
\c@pgf@countc=\count101
\c@pgf@countd=\count102
\pgfutil@tempcnta=\count103
\pgfutil@tempcntb=\count104
) (/usr/share/texlive/texmf-dist/tex/generic/pgf/math/pgfmathparser.code.tex
\pgfmath@dimen=\dimen115
\pgfmath@count=\count105
\pgfmath@box=\box26
\pgfmath@toks=\toks20
\pgfmath@stack@operand=\toks21
\pgfmath@stack@operation=\toks22
) (/usr/share/texlive/texmf-dist/tex/generic/pgf/math/pgfmathfunctions.code.tex

(/usr/share/texlive/texmf-dist/tex/generic/pgf/math/pgfmathfunctions.basic.code
.tex)
(/usr/share/texlive/texmf-dist/tex/generic/pgf/math/pgfmathfunctions.trigonomet
ric.code.tex)
(/usr/share/texlive/texmf-dist/tex/generic/pgf/math/pgfmathfunctions.random.cod
e.tex)
(/usr/share/texlive/texmf-dist/tex/generic/pgf/math/pgfmathfunctions.comparison
.code.tex)
(/usr/share/texlive/texmf-dist/tex/generic/pgf/math/pgfmathfunctions.base.code.
tex)
(/usr/share/texlive/texmf-dist/tex/generic/pgf/math/pgfmathfunctions.round.code
.tex)
(/usr/share/texlive/texmf-dist/tex/generic/pgf/math/pgfmathfunctions.misc.code.
tex)
(/usr/share/texlive/texmf-dist/tex/generic/pgf/math/pgfmathfunctions.integerari
thmetics.code.tex))) (/usr/share/texlive/texmf-dist/tex/generic/pgf/math/pgfmat
hfloat.code.tex
\c@pgfmathroundto@lastzeros=\count106
))
\pgffor@iter=\dimen116
\pgffor@skip=\dimen117
\pgffor@stack=\toks23
\pgffor@toks=\toks24
)
\psLoopIndex=\count107
`PSTricks' v2.82  <2018/01/06> (tvz,hv)
\pst@dima=\dimen118
\pst@dimb=\dimen119
\pst@dimc=\dimen120
\pst@dimd=\dimen121
\pst@dimg=\dimen122
\pst@dimh=\dimen123
\pst@dimm=\dimen124
\pst@dimn=\dimen125
\pst@dimo=\dimen126
\pst@dimp=\dimen127
\pst@hbox=\box27
\pst@ibox=\box28
\pst@boxg=\box29
\pst@cnta=\count108
\pst@cntb=\count109
\pst@cntc=\count110
\pst@cntd=\count111
\pst@cntg=\count112
\pst@cnth=\count113
\pst@cntm=\count114
\pst@cntn=\count115
\pst@cnto=\count116
\pst@cntp=\count117
\@zero=\count118
\pst@toks=\toks25
(/usr/share/texlive/texmf-dist/tex/generic/pstricks/pstricks.con)
\psunit=\dimen128
\psxunit=\dimen129
\psyunit=\dimen130
\pst@C@@rType=\count119
\pslinewidth=\dimen131
\psk@startLW=\dimen132
\psk@endLW=\dimen133
\pst@customdefs=\toks26
\pslinearc=\dimen134
\pst@symbolStep=\dimen135
\pst@symbolWidth=\dimen136
\pst@symbolLinewidth=\dimen137
\everypsbox=\toks27
\psframesep=\dimen138
\pslabelsep=\dimen139
\sh@wgridXunit=\dimen140
\sh@wgridYunit=\dimen141
\pst@shift=\dimen142
)
File: pstricks.tex 2018/01/06 v2.82 `PSTricks' (tvz,hv)
(/usr/share/texlive/texmf-dist/tex/generic/pstricks/pst-fp.tex)
File: pst-fp.tex 2018/01/06 v2.82 `PST-fp' (hv)
) (/usr/share/texmf/tex/latex/preview/preview.sty
Package: preview 2017/04/24 11.91 (AUCTeX/preview-latex)
(/usr/share/texlive/texmf-dist/tex/generic/luatex85/luatex85.sty
Package: luatex85 2016/06/15 v1.4 pdftex aliases for luatex
) (/usr/share/texmf/tex/latex/preview/prtightpage.def
\PreviewBorder=\dimen143
)
\pr@snippet=\count120
\pr@box=\box30
\pr@output=\toks28
)
\pdfoutput=\count121
(/usr/share/texlive/texmf-dist/tex/latex/graphics-def/pdftex.def
File: pdftex.def 2018/01/08 v1.0l Graphics/color driver for pdftex
))) (/usr/share/texlive/texmf-dist/tex/latex/pst-node/pst-node.sty
Package: pst-node 2012/09/18 v1.01 LaTeX wrapper for `pst-node' (HV)
Package: pst-node 2010/04/22 package wrapper for pst-node.tex
(/usr/share/texlive/texmf-dist/tex/generic/pst-node/pst-node.tex  v1.41, 2017/1
2/30
\psrow=\count122
\pscol=\count123
\psmatrixcnt=\count124
\psrowsep=\skip43
\pscolsep=\skip44
\pst@args=\count125
\num@pts=\count126
\pst@argcnt=\count127
)
File: pst-node.tex 2017/12/30 1.41 `pst-node' (tvz,hv)
) (/usr/share/texlive/texmf-dist/tex/latex/graphics/rotating.sty
Package: rotating 2016/08/11 v2.16d rotated objects in LaTeX
(/usr/share/texlive/texmf-dist/tex/latex/base/ifthen.sty
Package: ifthen 2014/09/29 v1.1c Standard LaTeX ifthen package (DPC)
)
\c@r@tfl@t=\count128
\rotFPtop=\skip45
\rotFPbot=\skip46
\rot@float@box=\box31
\rot@mess@toks=\toks29
)
No file PretzelTangles-(10,-3)_BNr_thumbs-autopp.aux.
LaTeX Font Info:    Checking defaults for OML/cmm/m/it on input line 4.
LaTeX Font Info:    ... okay on input line 4.
LaTeX Font Info:    Checking defaults for T1/cmr/m/n on input line 4.
LaTeX Font Info:    ... okay on input line 4.
LaTeX Font Info:    Checking defaults for OT1/cmr/m/n on input line 4.
LaTeX Font Info:    ... okay on input line 4.
LaTeX Font Info:    Checking defaults for OMS/cmsy/m/n on input line 4.
LaTeX Font Info:    ... okay on input line 4.
LaTeX Font Info:    Checking defaults for OMX/cmex/m/n on input line 4.
LaTeX Font Info:    ... okay on input line 4.
LaTeX Font Info:    Checking defaults for U/cmr/m/n on input line 4.
LaTeX Font Info:    ... okay on input line 4.
Preview: Fontsize 10pt
LaTeX Font Info:    External font `cmex10' loaded for size
(Font)              <7> on input line 9.
LaTeX Font Info:    External font `cmex10' loaded for size
(Font)              <5> on input line 9.
Preview: Tightpage -32891 -32891 32891 32891
[1]
! Number too big.
<argument> 5862068965
                     5173
l.49 ...33333333333;-77.58620689655173){3.5pt}{P1}
                                                  
I can only go up to 2147483647='17777777777="7FFFFFFF,
so I'm using that number instead of yours.

! Number too big.
<argument> 5862068965
                     5173
l.49 ...33333333333;-77.58620689655173){3.5pt}{P1}
                                                  
I can only go up to 2147483647='17777777777="7FFFFFFF,
so I'm using that number instead of yours.

! Number too big.
<argument> 5862068965
                     5173
l.50 \nput{-77.58620689655173}{P1}{$$}
                                      
I can only go up to 2147483647='17777777777="7FFFFFFF,
so I'm using that number instead of yours.

! Number too big.
<argument> 1724137931
                     0344
l.51 ...33333333333;-65.17241379310344){3.5pt}{P2}
                                                  
I can only go up to 2147483647='17777777777="7FFFFFFF,
so I'm using that number instead of yours.

! Number too big.
<argument> 1724137931
                     0344
l.51 ...33333333333;-65.17241379310344){3.5pt}{P2}
                                                  
I can only go up to 2147483647='17777777777="7FFFFFFF,
so I'm using that number instead of yours.

! Number too big.
<argument> 1724137931
                     0344
l.52 \nput{-65.17241379310344}{P2}{$$}
                                      
I can only go up to 2147483647='17777777777="7FFFFFFF,
so I'm using that number instead of yours.

! Number too big.
<argument> 7586206896
                     55174
l.53 ...3333333333;-52.758620689655174){3.5pt}{P3}
                                                  
I can only go up to 2147483647='17777777777="7FFFFFFF,
so I'm using that number instead of yours.

! Number too big.
<argument> 7586206896
                     55174
l.53 ...3333333333;-52.758620689655174){3.5pt}{P3}
                                                  
I can only go up to 2147483647='17777777777="7FFFFFFF,
so I'm using that number instead of yours.

! Number too big.
<argument> 7586206896
                     55174
l.54 \nput{-52.758620689655174}{P3}{$$}
                                       
I can only go up to 2147483647='17777777777="7FFFFFFF,
so I'm using that number instead of yours.

! Number too big.
<argument> 3448275862
                     069
l.55 ...333333333333;-40.3448275862069){3.5pt}{P4}
                                                  
I can only go up to 2147483647='17777777777="7FFFFFFF,
so I'm using that number instead of yours.

! Number too big.
<argument> 3448275862
                     069
l.55 ...333333333333;-40.3448275862069){3.5pt}{P4}
                                                  
I can only go up to 2147483647='17777777777="7FFFFFFF,
so I'm using that number instead of yours.

! Number too big.
<argument> 3448275862
                     069
l.56 \nput{-40.3448275862069}{P4}{$$}
                                     
I can only go up to 2147483647='17777777777="7FFFFFFF,
so I'm using that number instead of yours.

! Number too big.
<argument> 9310344827
                     5862
l.57 ...33333333333;-27.93103448275862){3.5pt}{P5}
                                                  
I can only go up to 2147483647='17777777777="7FFFFFFF,
so I'm using that number instead of yours.

! Number too big.
<argument> 9310344827
                     5862
l.57 ...33333333333;-27.93103448275862){3.5pt}{P5}
                                                  
I can only go up to 2147483647='17777777777="7FFFFFFF,
so I'm using that number instead of yours.

! Number too big.
<argument> 9310344827
                     5862
l.58 \nput{-27.93103448275862}{P5}{$$}
                                      
I can only go up to 2147483647='17777777777="7FFFFFFF,
so I'm using that number instead of yours.

! Number too big.
<argument> 5172413793
                     10349
l.59 ...3333333333;-15.517241379310349){3.5pt}{P6}
                                                  
I can only go up to 2147483647='17777777777="7FFFFFFF,
so I'm using that number instead of yours.

! Number too big.
<argument> 5172413793
                     10349
l.59 ...3333333333;-15.517241379310349){3.5pt}{P6}
                                                  
I can only go up to 2147483647='17777777777="7FFFFFFF,
so I'm using that number instead of yours.

! Number too big.
<argument> 5172413793
                     10349
l.60 \nput{-15.517241379310349}{P6}{$$}
                                       
I can only go up to 2147483647='17777777777="7FFFFFFF,
so I'm using that number instead of yours.

! Number too big.
<argument> 1034482758
                     62064
l.61 ...33333333333;-3.103448275862064){3.5pt}{P7}
                                                  
I can only go up to 2147483647='17777777777="7FFFFFFF,
so I'm using that number instead of yours.

! Number too big.
<argument> 1034482758
                     62064
l.61 ...33333333333;-3.103448275862064){3.5pt}{P7}
                                                  
I can only go up to 2147483647='17777777777="7FFFFFFF,
so I'm using that number instead of yours.

! Number too big.
<argument> 1034482758
                     62064
l.62 \nput{-3.103448275862064}{P7}{$$}
                                      
I can only go up to 2147483647='17777777777="7FFFFFFF,
so I'm using that number instead of yours.

! Number too big.
<argument> 3103448275
                     86206
l.63 ...333333333333;9.310344827586206){3.5pt}{P8}
                                                  
I can only go up to 2147483647='17777777777="7FFFFFFF,
so I'm using that number instead of yours.

! Number too big.
<argument> 3103448275
                     86206
l.63 ...333333333333;9.310344827586206){3.5pt}{P8}
                                                  
I can only go up to 2147483647='17777777777="7FFFFFFF,
so I'm using that number instead of yours.

! Number too big.
<argument> 3103448275
                     86206
l.64 \nput{9.310344827586206}{P8}{$$}
                                     
I can only go up to 2147483647='17777777777="7FFFFFFF,
so I'm using that number instead of yours.

! Number too big.
<argument> 7241379310
                     34477
l.65 ...33333333333;21.724137931034477){3.5pt}{P9}
                                                  
I can only go up to 2147483647='17777777777="7FFFFFFF,
so I'm using that number instead of yours.

! Number too big.
<argument> 7241379310
                     34477
l.65 ...33333333333;21.724137931034477){3.5pt}{P9}
                                                  
I can only go up to 2147483647='17777777777="7FFFFFFF,
so I'm using that number instead of yours.

! Number too big.
<argument> 7241379310
                     34477
l.66 \nput{21.724137931034477}{P9}{$$}
                                      
I can only go up to 2147483647='17777777777="7FFFFFFF,
so I'm using that number instead of yours.

! Number too big.
<argument> 1379310344
                     8276
l.67 ...33333333333;34.13793103448276){3.5pt}{P10}
                                                  
I can only go up to 2147483647='17777777777="7FFFFFFF,
so I'm using that number instead of yours.

! Number too big.
<argument> 1379310344
                     8276
l.67 ...33333333333;34.13793103448276){3.5pt}{P10}
                                                  
I can only go up to 2147483647='17777777777="7FFFFFFF,
so I'm using that number instead of yours.

! Number too big.
<argument> 1379310344
                     8276
l.68 \nput{34.13793103448276}{P10}{$$}
                                      
I can only go up to 2147483647='17777777777="7FFFFFFF,
so I'm using that number instead of yours.

! Number too big.
<argument> 5517241379
                     31046
l.69 ...3333333333;46.551724137931046){3.5pt}{P11}
                                                  
I can only go up to 2147483647='17777777777="7FFFFFFF,
so I'm using that number instead of yours.

! Number too big.
<argument> 5517241379
                     31046
l.69 ...3333333333;46.551724137931046){3.5pt}{P11}
                                                  
I can only go up to 2147483647='17777777777="7FFFFFFF,
so I'm using that number instead of yours.

! Number too big.
<argument> 5517241379
                     31046
l.70 \nput{46.551724137931046}{P11}{$$}
                                       
I can only go up to 2147483647='17777777777="7FFFFFFF,
so I'm using that number instead of yours.

! Number too big.
<argument> 9655172413
                     793
l.71 ...333333333333;58.9655172413793){3.5pt}{P12}
                                                  
I can only go up to 2147483647='17777777777="7FFFFFFF,
so I'm using that number instead of yours.

! Number too big.
<argument> 9655172413
                     793
l.71 ...333333333333;58.9655172413793){3.5pt}{P12}
                                                  
I can only go up to 2147483647='17777777777="7FFFFFFF,
so I'm using that number instead of yours.

! Number too big.
<argument> 9655172413
                     793
l.72 \nput{58.9655172413793}{P12}{$$}
                                     
I can only go up to 2147483647='17777777777="7FFFFFFF,
so I'm using that number instead of yours.

! Number too big.
<argument> 3793103448
                     2759
l.73 ...33333333333;71.37931034482759){3.5pt}{P13}
                                                  
I can only go up to 2147483647='17777777777="7FFFFFFF,
so I'm using that number instead of yours.

! Number too big.
<argument> 3793103448
                     2759
l.73 ...33333333333;71.37931034482759){3.5pt}{P13}
                                                  
I can only go up to 2147483647='17777777777="7FFFFFFF,
so I'm using that number instead of yours.

! Number too big.
<argument> 3793103448
                     2759
l.74 \nput{71.37931034482759}{P13}{$$}
                                      
I can only go up to 2147483647='17777777777="7FFFFFFF,
so I'm using that number instead of yours.

! Number too big.
<argument> 7931034482
                     7587
l.75 ...33333333333;83.79310344827587){3.5pt}{P14}
                                                  
I can only go up to 2147483647='17777777777="7FFFFFFF,
so I'm using that number instead of yours.

! Number too big.
<argument> 7931034482
                     7587
l.75 ...33333333333;83.79310344827587){3.5pt}{P14}
                                                  
I can only go up to 2147483647='17777777777="7FFFFFFF,
so I'm using that number instead of yours.

! Number too big.
<argument> 7931034482
                     7587
l.76 \nput{83.79310344827587}{P14}{$$}
                                      
I can only go up to 2147483647='17777777777="7FFFFFFF,
so I'm using that number instead of yours.

! Number too big.
<argument> 2068965517
                     2413
l.77 ...33333333333;96.20689655172413){3.5pt}{P15}
                                                  
I can only go up to 2147483647='17777777777="7FFFFFFF,
so I'm using that number instead of yours.

! Number too big.
<argument> 2068965517
                     2413
l.77 ...33333333333;96.20689655172413){3.5pt}{P15}
                                                  
I can only go up to 2147483647='17777777777="7FFFFFFF,
so I'm using that number instead of yours.

! Number too big.
<argument> 2068965517
                     2413
l.78 \nput{96.20689655172413}{P15}{$$}
                                      
I can only go up to 2147483647='17777777777="7FFFFFFF,
so I'm using that number instead of yours.

! Number too big.
<argument> 6206896551
                     7241
l.79 ...3333333333;108.62068965517241){3.5pt}{P16}
                                                  
I can only go up to 2147483647='17777777777="7FFFFFFF,
so I'm using that number instead of yours.

! Number too big.
<argument> 6206896551
                     7241
l.79 ...3333333333;108.62068965517241){3.5pt}{P16}
                                                  
I can only go up to 2147483647='17777777777="7FFFFFFF,
so I'm using that number instead of yours.

! Number too big.
<argument> 6206896551
                     7241
l.80 \nput{108.62068965517241}{P16}{$$}
                                       
I can only go up to 2147483647='17777777777="7FFFFFFF,
so I'm using that number instead of yours.

! Number too big.
<argument> 0344827586
                     207
l.81 ...33333333333;121.0344827586207){3.5pt}{P17}
                                                  
I can only go up to 2147483647='17777777777="7FFFFFFF,
so I'm using that number instead of yours.

! Number too big.
<argument> 0344827586
                     207
l.81 ...33333333333;121.0344827586207){3.5pt}{P17}
                                                  
I can only go up to 2147483647='17777777777="7FFFFFFF,
so I'm using that number instead of yours.

! Number too big.
<argument> 0344827586
                     207
l.82 \nput{121.0344827586207}{P17}{$$}
                                      
I can only go up to 2147483647='17777777777="7FFFFFFF,
so I'm using that number instead of yours.

! Number too big.
<argument> 4482758620
                     6895
l.83 ...3333333333;133.44827586206895){3.5pt}{P18}
                                                  
I can only go up to 2147483647='17777777777="7FFFFFFF,
so I'm using that number instead of yours.

! Number too big.
<argument> 4482758620
                     6895
l.83 ...3333333333;133.44827586206895){3.5pt}{P18}
                                                  
I can only go up to 2147483647='17777777777="7FFFFFFF,
so I'm using that number instead of yours.

! Number too big.
<argument> 4482758620
                     6895
l.84 \nput{133.44827586206895}{P18}{$$}
                                       
I can only go up to 2147483647='17777777777="7FFFFFFF,
so I'm using that number instead of yours.

! Number too big.
<argument> 8620689655
                     1724
l.85 ...3333333333;145.86206896551724){3.5pt}{P19}
                                                  
I can only go up to 2147483647='17777777777="7FFFFFFF,
so I'm using that number instead of yours.

! Number too big.
<argument> 8620689655
                     1724
l.85 ...3333333333;145.86206896551724){3.5pt}{P19}
                                                  
I can only go up to 2147483647='17777777777="7FFFFFFF,
so I'm using that number instead of yours.

! Number too big.
<argument> 8620689655
                     1724
l.86 \nput{145.86206896551724}{P19}{$$}
                                       
I can only go up to 2147483647='17777777777="7FFFFFFF,
so I'm using that number instead of yours.

! Number too big.
<argument> 2758620689
                     6552
l.87 ...3333333333;158.27586206896552){3.5pt}{P20}
                                                  
I can only go up to 2147483647='17777777777="7FFFFFFF,
so I'm using that number instead of yours.

! Number too big.
<argument> 2758620689
                     6552
l.87 ...3333333333;158.27586206896552){3.5pt}{P20}
                                                  
I can only go up to 2147483647='17777777777="7FFFFFFF,
so I'm using that number instead of yours.

! Number too big.
<argument> 2758620689
                     6552
l.88 \nput{158.27586206896552}{P20}{$$}
                                       
I can only go up to 2147483647='17777777777="7FFFFFFF,
so I'm using that number instead of yours.

! Number too big.
<argument> 6896551724
                     1378
l.89 ...3333333333;170.68965517241378){3.5pt}{P21}
                                                  
I can only go up to 2147483647='17777777777="7FFFFFFF,
so I'm using that number instead of yours.

! Number too big.
<argument> 6896551724
                     1378
l.89 ...3333333333;170.68965517241378){3.5pt}{P21}
                                                  
I can only go up to 2147483647='17777777777="7FFFFFFF,
so I'm using that number instead of yours.

! Number too big.
<argument> 6896551724
                     1378
l.90 \nput{170.68965517241378}{P21}{$$}
                                       
I can only go up to 2147483647='17777777777="7FFFFFFF,
so I'm using that number instead of yours.

! Number too big.
<argument> 1034482758
                     621
l.91 ...33333333333;183.1034482758621){3.5pt}{P22}
                                                  
I can only go up to 2147483647='17777777777="7FFFFFFF,
so I'm using that number instead of yours.

! Number too big.
<argument> 1034482758
                     621
l.91 ...33333333333;183.1034482758621){3.5pt}{P22}
                                                  
I can only go up to 2147483647='17777777777="7FFFFFFF,
so I'm using that number instead of yours.

! Number too big.
<argument> 1034482758
                     621
l.92 \nput{183.1034482758621}{P22}{$$}
                                      
I can only go up to 2147483647='17777777777="7FFFFFFF,
so I'm using that number instead of yours.

! Number too big.
<argument> 5172413793
                     1035
l.93 ...3333333333;195.51724137931035){3.5pt}{P23}
                                                  
I can only go up to 2147483647='17777777777="7FFFFFFF,
so I'm using that number instead of yours.

! Number too big.
<argument> 5172413793
                     1035
l.93 ...3333333333;195.51724137931035){3.5pt}{P23}
                                                  
I can only go up to 2147483647='17777777777="7FFFFFFF,
so I'm using that number instead of yours.

! Number too big.
<argument> 5172413793
                     1035
l.94 \nput{195.51724137931035}{P23}{$$}
                                       
I can only go up to 2147483647='17777777777="7FFFFFFF,
so I'm using that number instead of yours.

! Number too big.
<argument> 9310344827
                     586
l.95 ...33333333333;207.9310344827586){3.5pt}{P24}
                                                  
I can only go up to 2147483647='17777777777="7FFFFFFF,
so I'm using that number instead of yours.

! Number too big.
<argument> 9310344827
                     586
l.95 ...33333333333;207.9310344827586){3.5pt}{P24}
                                                  
I can only go up to 2147483647='17777777777="7FFFFFFF,
so I'm using that number instead of yours.

! Number too big.
<argument> 9310344827
                     586
l.96 \nput{207.9310344827586}{P24}{$$}
                                      
I can only go up to 2147483647='17777777777="7FFFFFFF,
so I'm using that number instead of yours.

! Number too big.
<argument> 3448275862
                     0692
l.97 ...3333333333;220.34482758620692){3.5pt}{P25}
                                                  
I can only go up to 2147483647='17777777777="7FFFFFFF,
so I'm using that number instead of yours.

! Number too big.
<argument> 3448275862
                     0692
l.97 ...3333333333;220.34482758620692){3.5pt}{P25}
                                                  
I can only go up to 2147483647='17777777777="7FFFFFFF,
so I'm using that number instead of yours.

! Number too big.
<argument> 3448275862
                     0692
l.98 \nput{220.34482758620692}{P25}{$$}
                                       
I can only go up to 2147483647='17777777777="7FFFFFFF,
so I'm using that number instead of yours.

! Number too big.
<argument> 7586206896
                     5517
l.99 ...3333333333;232.75862068965517){3.5pt}{P26}
                                                  
I can only go up to 2147483647='17777777777="7FFFFFFF,
so I'm using that number instead of yours.

! Number too big.
<argument> 7586206896
                     5517
l.99 ...3333333333;232.75862068965517){3.5pt}{P26}
                                                  
I can only go up to 2147483647='17777777777="7FFFFFFF,
so I'm using that number instead of yours.

! Number too big.
<argument> 7586206896
                     5517
l.100 \nput{232.75862068965517}{P26}{$$}
                                        
I can only go up to 2147483647='17777777777="7FFFFFFF,
so I'm using that number instead of yours.

! Number too big.
<argument> 1724137931
                     0343
l.101 ...333333333;245.17241379310343){3.5pt}{P27}
                                                  
I can only go up to 2147483647='17777777777="7FFFFFFF,
so I'm using that number instead of yours.

! Number too big.
<argument> 1724137931
                     0343
l.101 ...333333333;245.17241379310343){3.5pt}{P27}
                                                  
I can only go up to 2147483647='17777777777="7FFFFFFF,
so I'm using that number instead of yours.

! Number too big.
<argument> 1724137931
                     0343
l.102 \nput{245.17241379310343}{P27}{$$}
                                        
I can only go up to 2147483647='17777777777="7FFFFFFF,
so I'm using that number instead of yours.

! Number too big.
<argument> 5862068965
                     5174
l.103 ...333333333;257.58620689655174){3.5pt}{P28}
                                                  
I can only go up to 2147483647='17777777777="7FFFFFFF,
so I'm using that number instead of yours.

! Number too big.
<argument> 5862068965
                     5174
l.103 ...333333333;257.58620689655174){3.5pt}{P28}
                                                  
I can only go up to 2147483647='17777777777="7FFFFFFF,
so I'm using that number instead of yours.

! Number too big.
<argument> 5862068965
                     5174
l.104 \nput{257.58620689655174}{P28}{$$}
                                        
I can only go up to 2147483647='17777777777="7FFFFFFF,
so I'm using that number instead of yours.

[2] ) 
Here is how much of TeX's memory you used:
 8993 strings out of 492983
 158229 string characters out of 6134922
 245732 words of memory out of 5000000
 12450 multiletter control sequences out of 15000+600000
 3640 words of font info for 14 fonts, out of 8000000 for 9000
 1141 hyphenation exceptions out of 8191
 50i,3n,44p,621b,315s stack positions out of 5000i,500n,10000p,200000b,80000s

Output written on PretzelTangles-(10,-3)_BNr_thumbs-autopp.dvi (2 pages, 52832 
bytes).
