This is pdfTeX, Version 3.14159265-2.6-1.40.18 (TeX Live 2017/Debian) (preloaded format=latex 2019.10.4)  3 NOV 2019 19:00
entering extended mode
 %&-line parsing enabled.
**\let \APPmakepictures \empty \input  PretzelTangles-(6,-3)_BNr.tex
(./PretzelTangles-(6,-3)_BNr.tex (/usr/share/texlive/texmf-dist/tex/latex/base/
article.cls
Document Class: article 2014/09/29 v1.4h Standard LaTeX document class
(/usr/share/texlive/texmf-dist/tex/latex/base/size10.clo
File: size10.clo 2014/09/29 v1.4h Standard LaTeX file (size option)
)
\c@part=\count79
\c@section=\count80
\c@subsection=\count81
\c@subsubsection=\count82
\c@paragraph=\count83
\c@subparagraph=\count84
\c@figure=\count85
\c@table=\count86
\abovecaptionskip=\skip41
\belowcaptionskip=\skip42
\bibindent=\dimen102
) (/usr/share/texlive/texmf-dist/tex/latex/auto-pst-pdf/auto-pst-pdf.sty
Package: auto-pst-pdf 2009/04/26 v0.6 Wrapper for pst-pdf
(/usr/share/texlive/texmf-dist/tex/generic/oberdiek/ifpdf.sty
Package: ifpdf 2017/03/15 v3.2 Provides the ifpdf switch
) (/usr/share/texlive/texmf-dist/tex/latex/xkeyval/xkeyval.sty
Package: xkeyval 2014/12/03 v2.7a package option processing (HA)
(/usr/share/texlive/texmf-dist/tex/generic/xkeyval/xkeyval.tex (/usr/share/texl
ive/texmf-dist/tex/generic/xkeyval/xkvutils.tex
\XKV@toks=\toks14
\XKV@tempa@toks=\toks15
(/usr/share/texlive/texmf-dist/tex/generic/xkeyval/keyval.tex))
\XKV@depth=\count87
File: xkeyval.tex 2014/12/03 v2.7a key=value parser (HA)
)) (/usr/share/texlive/texmf-dist/tex/latex/ifplatform/ifplatform.sty
Package: ifplatform 2017/10/13 v0.4a Testing for the operating system
(/usr/share/texlive/texmf-dist/tex/latex/tools/shellesc.sty
Package: shellesc 2016/06/07 v0.02a unified shell escape interface for LaTeX

Package shellesc Warning: Shell escape disabled on input line 65.

) (/usr/share/texlive/texmf-dist/tex/generic/oberdiek/pdftexcmds.sty
Package: pdftexcmds 2018/01/21 v0.26 Utility functions of pdfTeX for LuaTeX (HO
)
(/usr/share/texlive/texmf-dist/tex/generic/oberdiek/infwarerr.sty
Package: infwarerr 2016/05/16 v1.4 Providing info/warning/error messages (HO)
) (/usr/share/texlive/texmf-dist/tex/generic/oberdiek/ifluatex.sty
Package: ifluatex 2016/05/16 v1.4 Provides the ifluatex switch (HO)
Package ifluatex Info: LuaTeX not detected.
) (/usr/share/texlive/texmf-dist/tex/generic/oberdiek/ltxcmds.sty
Package: ltxcmds 2016/05/16 v1.23 LaTeX kernel commands for general use (HO)
)
Package pdftexcmds Info: LuaTeX not detected.
Package pdftexcmds Info: \pdf@primitive is available.
Package pdftexcmds Info: \pdf@ifprimitive is available.
Package pdftexcmds Info: \pdfdraftmode is ignored in DVI mode.
) (/usr/share/texlive/texmf-dist/tex/generic/oberdiek/catchfile.sty
Package: catchfile 2016/05/16 v1.7 Catch the contents of a file (HO)
(/usr/share/texlive/texmf-dist/tex/generic/oberdiek/etexcmds.sty
Package: etexcmds 2016/05/16 v1.6 Avoid name clashes with e-TeX commands (HO)
Package etexcmds Info: Could not find \expanded.
(etexcmds)             That can mean that you are not using pdfTeX 1.50 or
(etexcmds)             that some package has redefined \expanded.
(etexcmds)             In the latter case, load this package earlier.
))

Package ifplatform Warning: 
    shell escape is disabled, so I can only detect \ifwindows.

)
\c@app@runs=\count88
(/usr/share/texlive/texmf-dist/tex/latex/pst-pdf/pst-pdf.sty
Package: pst-pdf 2017/06/22 v1.2d PS graphics for pdfLaTeX (RN,HjG)
(/usr/share/texlive/texmf-dist/tex/generic/ifxetex/ifxetex.sty
Package: ifxetex 2010/09/12 v0.6 Provides ifxetex conditional
) (/usr/share/texlive/texmf-dist/tex/generic/oberdiek/ifvtex.sty
Package: ifvtex 2016/05/16 v1.6 Detect VTeX and its facilities (HO)
Package ifvtex Info: VTeX not detected.
)
\c@pspicture=\count89
(/usr/share/texlive/texmf-dist/tex/latex/graphics/graphicx.sty
Package: graphicx 2017/06/01 v1.1a Enhanced LaTeX Graphics (DPC,SPQR)
(/usr/share/texlive/texmf-dist/tex/latex/graphics/graphics.sty
Package: graphics 2017/06/25 v1.2c Standard LaTeX Graphics (DPC,SPQR)
(/usr/share/texlive/texmf-dist/tex/latex/graphics/trig.sty
Package: trig 2016/01/03 v1.10 sin cos tan (DPC)
) (/usr/share/texlive/texmf-dist/tex/latex/graphics-cfg/graphics.cfg
File: graphics.cfg 2016/06/04 v1.11 sample graphics configuration
)
Package graphics Info: Driver file: dvips.def on input line 99.
(/usr/share/texlive/texmf-dist/tex/latex/graphics-def/dvips.def
File: dvips.def 2017/06/20 v3.1d Graphics/color driver for dvips
))
\Gin@req@height=\dimen103
\Gin@req@width=\dimen104
)
Package pst-pdf Info: MODE: 0 (dvi -- extraction mode) on input line 102.
No auxiliary output files.

(/usr/share/texlive/texmf-dist/tex/latex/pstricks/pstricks.sty
Package: pstricks 2018/01/06 v0.67 LaTeX wrapper for `PSTricks' (RN,HV)
(/usr/share/texlive/texmf-dist/tex/generic/iftex/iftex.sty
Package: iftex 2013/04/04 v0.2 Provides if(tex) conditional for PDFTeX, XeTeX, 
and LuaTeX
) (/usr/share/texlive/texmf-dist/tex/latex/xcolor/xcolor.sty
Package: xcolor 2016/05/11 v2.12 LaTeX color extensions (UK)
(/usr/share/texlive/texmf-dist/tex/latex/graphics-cfg/color.cfg
File: color.cfg 2016/01/02 v1.6 sample color configuration
)
Package xcolor Info: Driver file: dvips.def on input line 225.
Package xcolor Info: Model `cmy' substituted by `cmy0' on input line 1348.
Package xcolor Info: Model `RGB' extended on input line 1364.
Package xcolor Info: Model `HTML' substituted by `rgb' on input line 1366.
Package xcolor Info: Model `Hsb' substituted by `hsb' on input line 1367.
Package xcolor Info: Model `tHsb' substituted by `hsb' on input line 1368.
Package xcolor Info: Model `HSB' substituted by `hsb' on input line 1369.
Package xcolor Info: Model `Gray' substituted by `gray' on input line 1370.
Package xcolor Info: Model `wave' substituted by `hsb' on input line 1371.
) (/usr/share/texlive/texmf-dist/tex/generic/xkeyval/pst-xkey.tex
File: pst-xkey.tex 2005/11/25 v1.6 PSTricks specialization of xkeyval (HA)
) (/usr/share/texlive/texmf-dist/tex/generic/pstricks/pstricks.tex (/usr/share/
texlive/texmf-dist/tex/generic/pstricks/pst-fp.tex `pst-fp' v0.05, 2010/01/17 (
hv)
\pstFP@xs=\count90
\pstFP@xia=\count91
\pstFP@xib=\count92
\pstFP@xfa=\count93
\pstFP@xfb=\count94
\pstFP@rega=\count95
\pstFP@regb=\count96
\pstFP@regs=\count97
\pstFP@times=\count98
) (/usr/share/texlive/texmf-dist/tex/generic/pgf/utilities/pgfutil-common.tex
\pgfutil@everybye=\toks16
\pgfutil@tempdima=\dimen105
\pgfutil@tempdimb=\dimen106

(/usr/share/texlive/texmf-dist/tex/generic/pgf/utilities/pgfutil-common-lists.t
ex)) (/usr/share/texlive/texmf-dist/tex/generic/pgf/utilities/pgfkeys.code.tex
\pgfkeys@pathtoks=\toks17
\pgfkeys@temptoks=\toks18

(/usr/share/texlive/texmf-dist/tex/generic/pgf/utilities/pgfkeysfiltered.code.t
ex
\pgfkeys@tmptoks=\toks19
)) (/usr/share/texlive/texmf-dist/tex/generic/pgf/utilities/pgffor.code.tex (/u
sr/share/texlive/texmf-dist/tex/generic/pgf/math/pgfmath.code.tex (/usr/share/t
exlive/texmf-dist/tex/generic/pgf/math/pgfmathcalc.code.tex (/usr/share/texlive
/texmf-dist/tex/generic/pgf/math/pgfmathutil.code.tex
\pgf@x=\dimen107
\pgf@xa=\dimen108
\pgf@xb=\dimen109
\pgf@xc=\dimen110
\pgf@y=\dimen111
\pgf@ya=\dimen112
\pgf@yb=\dimen113
\pgf@yc=\dimen114
\c@pgf@counta=\count99
\c@pgf@countb=\count100
\c@pgf@countc=\count101
\c@pgf@countd=\count102
\pgfutil@tempcnta=\count103
\pgfutil@tempcntb=\count104
) (/usr/share/texlive/texmf-dist/tex/generic/pgf/math/pgfmathparser.code.tex
\pgfmath@dimen=\dimen115
\pgfmath@count=\count105
\pgfmath@box=\box26
\pgfmath@toks=\toks20
\pgfmath@stack@operand=\toks21
\pgfmath@stack@operation=\toks22
) (/usr/share/texlive/texmf-dist/tex/generic/pgf/math/pgfmathfunctions.code.tex

(/usr/share/texlive/texmf-dist/tex/generic/pgf/math/pgfmathfunctions.basic.code
.tex)
(/usr/share/texlive/texmf-dist/tex/generic/pgf/math/pgfmathfunctions.trigonomet
ric.code.tex)
(/usr/share/texlive/texmf-dist/tex/generic/pgf/math/pgfmathfunctions.random.cod
e.tex)
(/usr/share/texlive/texmf-dist/tex/generic/pgf/math/pgfmathfunctions.comparison
.code.tex)
(/usr/share/texlive/texmf-dist/tex/generic/pgf/math/pgfmathfunctions.base.code.
tex)
(/usr/share/texlive/texmf-dist/tex/generic/pgf/math/pgfmathfunctions.round.code
.tex)
(/usr/share/texlive/texmf-dist/tex/generic/pgf/math/pgfmathfunctions.misc.code.
tex)
(/usr/share/texlive/texmf-dist/tex/generic/pgf/math/pgfmathfunctions.integerari
thmetics.code.tex))) (/usr/share/texlive/texmf-dist/tex/generic/pgf/math/pgfmat
hfloat.code.tex
\c@pgfmathroundto@lastzeros=\count106
))
\pgffor@iter=\dimen116
\pgffor@skip=\dimen117
\pgffor@stack=\toks23
\pgffor@toks=\toks24
)
\psLoopIndex=\count107
`PSTricks' v2.82  <2018/01/06> (tvz,hv)
\pst@dima=\dimen118
\pst@dimb=\dimen119
\pst@dimc=\dimen120
\pst@dimd=\dimen121
\pst@dimg=\dimen122
\pst@dimh=\dimen123
\pst@dimm=\dimen124
\pst@dimn=\dimen125
\pst@dimo=\dimen126
\pst@dimp=\dimen127
\pst@hbox=\box27
\pst@ibox=\box28
\pst@boxg=\box29
\pst@cnta=\count108
\pst@cntb=\count109
\pst@cntc=\count110
\pst@cntd=\count111
\pst@cntg=\count112
\pst@cnth=\count113
\pst@cntm=\count114
\pst@cntn=\count115
\pst@cnto=\count116
\pst@cntp=\count117
\@zero=\count118
\pst@toks=\toks25
(/usr/share/texlive/texmf-dist/tex/generic/pstricks/pstricks.con)
\psunit=\dimen128
\psxunit=\dimen129
\psyunit=\dimen130
\pst@C@@rType=\count119
\pslinewidth=\dimen131
\psk@startLW=\dimen132
\psk@endLW=\dimen133
\pst@customdefs=\toks26
\pslinearc=\dimen134
\pst@symbolStep=\dimen135
\pst@symbolWidth=\dimen136
\pst@symbolLinewidth=\dimen137
\everypsbox=\toks27
\psframesep=\dimen138
\pslabelsep=\dimen139
\sh@wgridXunit=\dimen140
\sh@wgridYunit=\dimen141
\pst@shift=\dimen142
)
File: pstricks.tex 2018/01/06 v2.82 `PSTricks' (tvz,hv)
(/usr/share/texlive/texmf-dist/tex/generic/pstricks/pst-fp.tex)
File: pst-fp.tex 2018/01/06 v2.82 `PST-fp' (hv)
) (/usr/share/texmf/tex/latex/preview/preview.sty
Package: preview 2017/04/24 11.91 (AUCTeX/preview-latex)
(/usr/share/texlive/texmf-dist/tex/generic/luatex85/luatex85.sty
Package: luatex85 2016/06/15 v1.4 pdftex aliases for luatex
) (/usr/share/texmf/tex/latex/preview/prtightpage.def
\PreviewBorder=\dimen143
)
\pr@snippet=\count120
\pr@box=\box30
\pr@output=\toks28
)
\pdfoutput=\count121
(/usr/share/texlive/texmf-dist/tex/latex/graphics-def/pdftex.def
File: pdftex.def 2018/01/08 v1.0l Graphics/color driver for pdftex
))) (/usr/share/texlive/texmf-dist/tex/latex/pst-node/pst-node.sty
Package: pst-node 2012/09/18 v1.01 LaTeX wrapper for `pst-node' (HV)
Package: pst-node 2010/04/22 package wrapper for pst-node.tex
(/usr/share/texlive/texmf-dist/tex/generic/pst-node/pst-node.tex  v1.41, 2017/1
2/30
\psrow=\count122
\pscol=\count123
\psmatrixcnt=\count124
\psrowsep=\skip43
\pscolsep=\skip44
\pst@args=\count125
\num@pts=\count126
\pst@argcnt=\count127
)
File: pst-node.tex 2017/12/30 1.41 `pst-node' (tvz,hv)
) (/usr/share/texlive/texmf-dist/tex/latex/graphics/rotating.sty
Package: rotating 2016/08/11 v2.16d rotated objects in LaTeX
(/usr/share/texlive/texmf-dist/tex/latex/base/ifthen.sty
Package: ifthen 2014/09/29 v1.1c Standard LaTeX ifthen package (DPC)
)
\c@r@tfl@t=\count128
\rotFPtop=\skip45
\rotFPbot=\skip46
\rot@float@box=\box31
\rot@mess@toks=\toks29
)
No file PretzelTangles-(6,-3)_BNr-autopp.aux.
LaTeX Font Info:    Checking defaults for OML/cmm/m/it on input line 4.
LaTeX Font Info:    ... okay on input line 4.
LaTeX Font Info:    Checking defaults for T1/cmr/m/n on input line 4.
LaTeX Font Info:    ... okay on input line 4.
LaTeX Font Info:    Checking defaults for OT1/cmr/m/n on input line 4.
LaTeX Font Info:    ... okay on input line 4.
LaTeX Font Info:    Checking defaults for OMS/cmsy/m/n on input line 4.
LaTeX Font Info:    ... okay on input line 4.
LaTeX Font Info:    Checking defaults for OMX/cmex/m/n on input line 4.
LaTeX Font Info:    ... okay on input line 4.
LaTeX Font Info:    Checking defaults for U/cmr/m/n on input line 4.
LaTeX Font Info:    ... okay on input line 4.
Preview: Fontsize 10pt
LaTeX Font Info:    External font `cmex10' loaded for size
(Font)              <7> on input line 9.
LaTeX Font Info:    External font `cmex10' loaded for size
(Font)              <5> on input line 9.

Overfull \hbox (39.11203pt too wide) in paragraph at lines 44--44
[][] 
 []

Preview: Tightpage -32891 -32891 32891 32891
[1]
! Number too big.
<argument> 3076923076
                     9231
l.49 ...33333333333;-62.30769230769231){3.5pt}{P1}
                                                  
I can only go up to 2147483647='17777777777="7FFFFFFF,
so I'm using that number instead of yours.

! Number too big.
<argument> 3076923076
                     9231
l.49 ...33333333333;-62.30769230769231){3.5pt}{P1}
                                                  
I can only go up to 2147483647='17777777777="7FFFFFFF,
so I'm using that number instead of yours.

! Number too big.
<argument> 3076923076
                     9231
l.50 ...9230769231}{P1}{$q^{5}h^{4}\delta^{-1.5}$}
                                                  
I can only go up to 2147483647='17777777777="7FFFFFFF,
so I'm using that number instead of yours.

! Number too big.
<argument> 6153846153
                     8461
l.51 ...33333333333;-34.61538461538461){3.5pt}{P2}
                                                  
I can only go up to 2147483647='17777777777="7FFFFFFF,
so I'm using that number instead of yours.

! Number too big.
<argument> 6153846153
                     8461
l.51 ...33333333333;-34.61538461538461){3.5pt}{P2}
                                                  
I can only go up to 2147483647='17777777777="7FFFFFFF,
so I'm using that number instead of yours.

! Number too big.
<argument> 6153846153
                     8461
l.52 ...8461538461}{P2}{$q^{7}h^{5}\delta^{-1.5}$}
                                                  
I can only go up to 2147483647='17777777777="7FFFFFFF,
so I'm using that number instead of yours.

! Number too big.
<argument> 9230769230
                     7692
l.53 ...333333333333;-6.92307692307692){3.5pt}{P3}
                                                  
I can only go up to 2147483647='17777777777="7FFFFFFF,
so I'm using that number instead of yours.

! Number too big.
<argument> 9230769230
                     7692
l.53 ...333333333333;-6.92307692307692){3.5pt}{P3}
                                                  
I can only go up to 2147483647='17777777777="7FFFFFFF,
so I'm using that number instead of yours.

! Number too big.
<argument> 9230769230
                     7692
l.54 ...7692307692}{P3}{$q^{9}h^{6}\delta^{-1.5}$}
                                                  
I can only go up to 2147483647='17777777777="7FFFFFFF,
so I'm using that number instead of yours.

! Number too big.
<argument> 7692307692
                     30774
l.55 ...33333333333;20.769230769230774){3.5pt}{P4}
                                                  
I can only go up to 2147483647='17777777777="7FFFFFFF,
so I'm using that number instead of yours.

! Number too big.
<argument> 7692307692
                     30774
l.55 ...33333333333;20.769230769230774){3.5pt}{P4}
                                                  
I can only go up to 2147483647='17777777777="7FFFFFFF,
so I'm using that number instead of yours.

! Number too big.
<argument> 7692307692
                     30774
l.56 ...30769230774}{P4}{$q^{10}h^{7}\delta^{-2}$}
                                                  
I can only go up to 2147483647='17777777777="7FFFFFFF,
so I'm using that number instead of yours.

! Number too big.
<argument> 4615384615
                     3845
l.57 ...333333333333;48.46153846153845){3.5pt}{P5}
                                                  
I can only go up to 2147483647='17777777777="7FFFFFFF,
so I'm using that number instead of yours.

! Number too big.
<argument> 4615384615
                     3845
l.57 ...333333333333;48.46153846153845){3.5pt}{P5}
                                                  
I can only go up to 2147483647='17777777777="7FFFFFFF,
so I'm using that number instead of yours.

! Number too big.
<argument> 4615384615
                     3845
l.58 ...53846153845}{P5}{$q^{12}h^{8}\delta^{-2}$}
                                                  
I can only go up to 2147483647='17777777777="7FFFFFFF,
so I'm using that number instead of yours.

! Number too big.
<argument> 1538461538
                     4616
l.59 ...333333333333;76.15384615384616){3.5pt}{P6}
                                                  
I can only go up to 2147483647='17777777777="7FFFFFFF,
so I'm using that number instead of yours.

! Number too big.
<argument> 1538461538
                     4616
l.59 ...333333333333;76.15384615384616){3.5pt}{P6}
                                                  
I can only go up to 2147483647='17777777777="7FFFFFFF,
so I'm using that number instead of yours.

! Number too big.
<argument> 1538461538
                     4616
l.60 ...615384616}{P6}{$q^{11}h^{7}\delta^{-1.5}$}
                                                  
I can only go up to 2147483647='17777777777="7FFFFFFF,
so I'm using that number instead of yours.

! Number too big.
<argument> 8461538461
                     5384
l.61 ...33333333333;103.84615384615384){3.5pt}{P7}
                                                  
I can only go up to 2147483647='17777777777="7FFFFFFF,
so I'm using that number instead of yours.

! Number too big.
<argument> 8461538461
                     5384
l.61 ...33333333333;103.84615384615384){3.5pt}{P7}
                                                  
I can only go up to 2147483647='17777777777="7FFFFFFF,
so I'm using that number instead of yours.

! Number too big.
<argument> 8461538461
                     5384
l.62 ...5384615384}{P7}{$q^{9}h^{6}\delta^{-1.5}$}
                                                  
I can only go up to 2147483647='17777777777="7FFFFFFF,
so I'm using that number instead of yours.

! Number too big.
<argument> 5384615384
                     6155
l.63 ...33333333333;131.53846153846155){3.5pt}{P8}
                                                  
I can only go up to 2147483647='17777777777="7FFFFFFF,
so I'm using that number instead of yours.

! Number too big.
<argument> 5384615384
                     6155
l.63 ...33333333333;131.53846153846155){3.5pt}{P8}
                                                  
I can only go up to 2147483647='17777777777="7FFFFFFF,
so I'm using that number instead of yours.

! Number too big.
<argument> 5384615384
                     6155
l.64 ...6153846155}{P8}{$q^{7}h^{5}\delta^{-1.5}$}
                                                  
I can only go up to 2147483647='17777777777="7FFFFFFF,
so I'm using that number instead of yours.

! Number too big.
<argument> 2307692307
                     6923
l.65 ...33333333333;159.23076923076923){3.5pt}{P9}
                                                  
I can only go up to 2147483647='17777777777="7FFFFFFF,
so I'm using that number instead of yours.

! Number too big.
<argument> 2307692307
                     6923
l.65 ...33333333333;159.23076923076923){3.5pt}{P9}
                                                  
I can only go up to 2147483647='17777777777="7FFFFFFF,
so I'm using that number instead of yours.

! Number too big.
<argument> 2307692307
                     6923
l.66 ...6923076923}{P9}{$q^{9}h^{6}\delta^{-1.5}$}
                                                  
I can only go up to 2147483647='17777777777="7FFFFFFF,
so I'm using that number instead of yours.

! Number too big.
<argument> 9230769230
                     769
l.67 ...33333333333;186.9230769230769){3.5pt}{P10}
                                                  
I can only go up to 2147483647='17777777777="7FFFFFFF,
so I'm using that number instead of yours.

! Number too big.
<argument> 9230769230
                     769
l.67 ...33333333333;186.9230769230769){3.5pt}{P10}
                                                  
I can only go up to 2147483647='17777777777="7FFFFFFF,
so I'm using that number instead of yours.

! Number too big.
<argument> 9230769230
                     769
l.68 ...69230769}{P10}{$q^{11}h^{7}\delta^{-1.5}$}
                                                  
I can only go up to 2147483647='17777777777="7FFFFFFF,
so I'm using that number instead of yours.

! Number too big.
<argument> 6153846153
                     8464
l.69 ...3333333333;214.61538461538464){3.5pt}{P11}
                                                  
I can only go up to 2147483647='17777777777="7FFFFFFF,
so I'm using that number instead of yours.

! Number too big.
<argument> 6153846153
                     8464
l.69 ...3333333333;214.61538461538464){3.5pt}{P11}
                                                  
I can only go up to 2147483647='17777777777="7FFFFFFF,
so I'm using that number instead of yours.

! Number too big.
<argument> 6153846153
                     8464
l.70 ...61538464}{P11}{$q^{13}h^{8}\delta^{-1.5}$}
                                                  
I can only go up to 2147483647='17777777777="7FFFFFFF,
so I'm using that number instead of yours.

! Number too big.
<argument> 3076923076
                     9232
l.71 ...3333333333;242.30769230769232){3.5pt}{P12}
                                                  
I can only go up to 2147483647='17777777777="7FFFFFFF,
so I'm using that number instead of yours.

! Number too big.
<argument> 3076923076
                     9232
l.71 ...3333333333;242.30769230769232){3.5pt}{P12}
                                                  
I can only go up to 2147483647='17777777777="7FFFFFFF,
so I'm using that number instead of yours.

! Number too big.
<argument> 3076923076
                     9232
l.72 ...9230769232}{P12}{$q^{14}h^{9}\delta^{-2}$}
                                                  
I can only go up to 2147483647='17777777777="7FFFFFFF,
so I'm using that number instead of yours.


Overfull \hbox (58.08023pt too wide) in paragraph at lines 85--85
[][] 
 []

[2] ) 
Here is how much of TeX's memory you used:
 8993 strings out of 492983
 158173 string characters out of 6134922
 229264 words of memory out of 5000000
 12450 multiletter control sequences out of 15000+600000
 3640 words of font info for 14 fonts, out of 8000000 for 9000
 1141 hyphenation exceptions out of 8191
 50i,4n,44p,613b,319s stack positions out of 5000i,500n,10000p,200000b,80000s

Output written on PretzelTangles-(6,-3)_BNr-autopp.dvi (2 pages, 42356 bytes).
